2021-12-20 16:49:48,394 DEBUG    root            Loaded Command Group: ['gcloud', 'auth']
2021-12-20 16:49:48,397 DEBUG    root            Loaded Command Group: ['gcloud', 'auth', 'docker_helper']
2021-12-20 16:49:48,399 DEBUG    root            Running [gcloud.auth.docker-helper] with arguments: [METHOD: "get"]
2021-12-20 16:49:48,411 DEBUG    google.auth.transport.requests Making request: GET http://metadata.google.internal/computeMetadata/v1/instance/service-accounts/712862630822-compute@developer.gserviceaccount.com/?recursive=true
2021-12-20 16:49:48,413 DEBUG    urllib3.connectionpool Starting new HTTP connection (1): metadata.google.internal:80
2021-12-20 16:49:48,415 DEBUG    urllib3.connectionpool http://metadata.google.internal:80 "GET /computeMetadata/v1/instance/service-accounts/712862630822-compute@developer.gserviceaccount.com/?recursive=true HTTP/1.1" 200 196
2021-12-20 16:49:48,416 DEBUG    google.auth.transport.requests Making request: GET http://metadata.google.internal/computeMetadata/v1/instance/service-accounts/712862630822-compute@developer.gserviceaccount.com/token
2021-12-20 16:49:48,418 DEBUG    urllib3.connectionpool http://metadata.google.internal:80 "GET /computeMetadata/v1/instance/service-accounts/712862630822-compute@developer.gserviceaccount.com/token HTTP/1.1" 200 266
2021-12-20 16:49:48,422 DEBUG    google.auth.transport.requests Making request: GET http://metadata.google.internal/computeMetadata/v1/instance/service-accounts/712862630822-compute@developer.gserviceaccount.com/?recursive=true
2021-12-20 16:49:48,423 DEBUG    urllib3.connectionpool Starting new HTTP connection (1): metadata.google.internal:80
2021-12-20 16:49:48,425 DEBUG    urllib3.connectionpool http://metadata.google.internal:80 "GET /computeMetadata/v1/instance/service-accounts/712862630822-compute@developer.gserviceaccount.com/?recursive=true HTTP/1.1" 200 196
2021-12-20 16:49:48,425 DEBUG    google.auth.transport.requests Making request: GET http://metadata.google.internal/computeMetadata/v1/instance/service-accounts/712862630822-compute@developer.gserviceaccount.com/token?scopes=https%3A%2F%2Fwww.googleapis.com%2Fauth%2Fdevstorage.full_control%2Chttps%3A%2F%2Fwww.googleapis.com%2Fauth%2Flogging.write%2Chttps%3A%2F%2Fwww.googleapis.com%2Fauth%2Fmonitoring.write%2Chttps%3A%2F%2Fwww.googleapis.com%2Fauth%2Fservice.management.readonly%2Chttps%3A%2F%2Fwww.googleapis.com%2Fauth%2Fservicecontrol%2Chttps%3A%2F%2Fwww.googleapis.com%2Fauth%2Ftrace.append
2021-12-20 16:49:48,428 DEBUG    urllib3.connectionpool http://metadata.google.internal:80 "GET /computeMetadata/v1/instance/service-accounts/712862630822-compute@developer.gserviceaccount.com/token?scopes=https%3A%2F%2Fwww.googleapis.com%2Fauth%2Fdevstorage.full_control%2Chttps%3A%2F%2Fwww.googleapis.com%2Fauth%2Flogging.write%2Chttps%3A%2F%2Fwww.googleapis.com%2Fauth%2Fmonitoring.write%2Chttps%3A%2F%2Fwww.googleapis.com%2Fauth%2Fservice.management.readonly%2Chttps%3A%2F%2Fwww.googleapis.com%2Fauth%2Fservicecontrol%2Chttps%3A%2F%2Fwww.googleapis.com%2Fauth%2Ftrace.append HTTP/1.1" 200 266
2021-12-20 16:49:48,432 INFO     root            Display format: "json"
2021-12-20 16:49:48,432 INFO     ___FILE_ONLY___ {
  "Secret": "ya29.c.b0AXv0zTN9bBZPYUYJ2t5kPkm8jdecJM-93jY7Diol6OLadhIv83XxVc05bYRLV18fHB6HUjOO844dx11epYe65AXu__jBcsyEJKTUB6GkjD4ASi3LTJfBpZED7XBfKsvnglzXP09hqqG0DqwGhb2_qWxLyTALK9ZnjR2UGxzK2wBUZSp_aDvIP3KBcnR6xiP6NFwAIszLPdmHHWl49fVe_oo",
  "Username": "_dcgcloud_token"
}
2021-12-20 16:49:48,432 INFO     ___FILE_ONLY___ 

2021-12-20 16:49:48,433 DEBUG    root            SDK update checks are disabled.
