2021-12-20 18:14:32,180 DEBUG    root            Loaded Command Group: ['gcloud', 'auth']
2021-12-20 18:14:32,183 DEBUG    root            Loaded Command Group: ['gcloud', 'auth', 'docker_helper']
2021-12-20 18:14:32,185 DEBUG    root            Running [gcloud.auth.docker-helper] with arguments: [METHOD: "get"]
2021-12-20 18:14:32,197 DEBUG    google.auth.transport.requests Making request: GET http://metadata.google.internal/computeMetadata/v1/instance/service-accounts/712862630822-compute@developer.gserviceaccount.com/?recursive=true
2021-12-20 18:14:32,199 DEBUG    urllib3.connectionpool Starting new HTTP connection (1): metadata.google.internal:80
2021-12-20 18:14:32,201 DEBUG    urllib3.connectionpool http://metadata.google.internal:80 "GET /computeMetadata/v1/instance/service-accounts/712862630822-compute@developer.gserviceaccount.com/?recursive=true HTTP/1.1" 200 196
2021-12-20 18:14:32,202 DEBUG    google.auth.transport.requests Making request: GET http://metadata.google.internal/computeMetadata/v1/instance/service-accounts/712862630822-compute@developer.gserviceaccount.com/token
2021-12-20 18:14:32,204 DEBUG    urllib3.connectionpool http://metadata.google.internal:80 "GET /computeMetadata/v1/instance/service-accounts/712862630822-compute@developer.gserviceaccount.com/token HTTP/1.1" 200 267
2021-12-20 18:14:32,233 DEBUG    google.auth.transport.requests Making request: GET http://metadata.google.internal/computeMetadata/v1/instance/service-accounts/712862630822-compute@developer.gserviceaccount.com/?recursive=true
2021-12-20 18:14:32,235 DEBUG    urllib3.connectionpool Starting new HTTP connection (1): metadata.google.internal:80
2021-12-20 18:14:32,237 DEBUG    urllib3.connectionpool http://metadata.google.internal:80 "GET /computeMetadata/v1/instance/service-accounts/712862630822-compute@developer.gserviceaccount.com/?recursive=true HTTP/1.1" 200 196
2021-12-20 18:14:32,237 DEBUG    google.auth.transport.requests Making request: GET http://metadata.google.internal/computeMetadata/v1/instance/service-accounts/712862630822-compute@developer.gserviceaccount.com/token?scopes=https%3A%2F%2Fwww.googleapis.com%2Fauth%2Fdevstorage.full_control%2Chttps%3A%2F%2Fwww.googleapis.com%2Fauth%2Flogging.write%2Chttps%3A%2F%2Fwww.googleapis.com%2Fauth%2Fmonitoring.write%2Chttps%3A%2F%2Fwww.googleapis.com%2Fauth%2Fservice.management.readonly%2Chttps%3A%2F%2Fwww.googleapis.com%2Fauth%2Fservicecontrol%2Chttps%3A%2F%2Fwww.googleapis.com%2Fauth%2Ftrace.append
2021-12-20 18:14:32,240 DEBUG    urllib3.connectionpool http://metadata.google.internal:80 "GET /computeMetadata/v1/instance/service-accounts/712862630822-compute@developer.gserviceaccount.com/token?scopes=https%3A%2F%2Fwww.googleapis.com%2Fauth%2Fdevstorage.full_control%2Chttps%3A%2F%2Fwww.googleapis.com%2Fauth%2Flogging.write%2Chttps%3A%2F%2Fwww.googleapis.com%2Fauth%2Fmonitoring.write%2Chttps%3A%2F%2Fwww.googleapis.com%2Fauth%2Fservice.management.readonly%2Chttps%3A%2F%2Fwww.googleapis.com%2Fauth%2Fservicecontrol%2Chttps%3A%2F%2Fwww.googleapis.com%2Fauth%2Ftrace.append HTTP/1.1" 200 267
2021-12-20 18:14:32,244 INFO     root            Display format: "json"
2021-12-20 18:14:32,244 INFO     ___FILE_ONLY___ {
  "Secret": "ya29.c.b0AXv0zTNcCVmPHn8EXNyiR-W989jegwsRXRUaRp73BEbMeztXv7IpV0vvORi0y6t-Kn9HaXyypyWvXP1_9nbvLHOhdZx8aQLaufVGu9UPG81LK_Tj_qBdovSHYFclLmhwQGVTR3FqVO7m0QyE2ahyPIJ1xFb_p1TZgRH_XGTSkR4DimakF2lH4UKz0_5TqC4E7hPASXC4dC5KD_G2poQzTyY",
  "Username": "_dcgcloud_token"
}
2021-12-20 18:14:32,244 INFO     ___FILE_ONLY___ 

2021-12-20 18:14:32,245 DEBUG    root            SDK update checks are disabled.
