2021-12-20 18:59:03,954 DEBUG    root            Loaded Command Group: ['gcloud', 'sql']
2021-12-20 18:59:03,975 DEBUG    root            Loaded Command Group: ['gcloud', 'sql', 'connect']
2021-12-20 18:59:03,981 DEBUG    root            Running [gcloud.sql.connect] with arguments: [--user: "postgres", INSTANCE: "app-database"]
2021-12-20 18:59:03,994 DEBUG    google.auth.transport.requests Making request: GET http://metadata.google.internal/computeMetadata/v1/instance/service-accounts/712862630822-compute@developer.gserviceaccount.com/?recursive=true
2021-12-20 18:59:03,996 DEBUG    urllib3.connectionpool Starting new HTTP connection (1): metadata.google.internal:80
2021-12-20 18:59:03,998 DEBUG    urllib3.connectionpool http://metadata.google.internal:80 "GET /computeMetadata/v1/instance/service-accounts/712862630822-compute@developer.gserviceaccount.com/?recursive=true HTTP/1.1" 200 207
2021-12-20 18:59:03,998 DEBUG    google.auth.transport.requests Making request: GET http://metadata.google.internal/computeMetadata/v1/instance/service-accounts/712862630822-compute@developer.gserviceaccount.com/token
2021-12-20 18:59:04,001 DEBUG    urllib3.connectionpool http://metadata.google.internal:80 "GET /computeMetadata/v1/instance/service-accounts/712862630822-compute@developer.gserviceaccount.com/token HTTP/1.1" 200 269
2021-12-20 18:59:04,031 DEBUG    google.auth.transport.requests Making request: GET http://metadata.google.internal/computeMetadata/v1/instance/service-accounts/712862630822-compute@developer.gserviceaccount.com/?recursive=true
2021-12-20 18:59:04,032 DEBUG    urllib3.connectionpool Starting new HTTP connection (1): metadata.google.internal:80
2021-12-20 18:59:04,033 DEBUG    urllib3.connectionpool http://metadata.google.internal:80 "GET /computeMetadata/v1/instance/service-accounts/712862630822-compute@developer.gserviceaccount.com/?recursive=true HTTP/1.1" 200 207
2021-12-20 18:59:04,034 DEBUG    google.auth.transport.requests Making request: GET http://metadata.google.internal/computeMetadata/v1/instance/service-accounts/712862630822-compute@developer.gserviceaccount.com/token
2021-12-20 18:59:04,036 DEBUG    urllib3.connectionpool http://metadata.google.internal:80 "GET /computeMetadata/v1/instance/service-accounts/712862630822-compute@developer.gserviceaccount.com/token HTTP/1.1" 200 269
2021-12-20 18:59:04,047 DEBUG    urllib3.connectionpool Starting new HTTPS connection (1): sqladmin.googleapis.com:443
2021-12-20 18:59:04,175 DEBUG    urllib3.connectionpool https://sqladmin.googleapis.com:443 "GET /sql/v1beta4/projects/analog-bot-325915/instances/app-database?alt=json HTTP/1.1" 200 None
2021-12-20 18:59:04,883 DEBUG    urllib3.connectionpool https://sqladmin.googleapis.com:443 "PATCH /sql/v1beta4/projects/analog-bot-325915/instances/app-database?alt=json HTTP/1.1" 200 None
2021-12-20 18:59:04,885 INFO     ___FILE_ONLY___ Allowlisting your IP for incoming connection for 5 minutes...
2021-12-20 18:59:05,931 DEBUG    urllib3.connectionpool https://sqladmin.googleapis.com:443 "GET /sql/v1beta4/projects/analog-bot-325915/operations/d77f131b-6496-41cd-a5a0-af5c16dd71e7?alt=json HTTP/1.1" 200 None
2021-12-20 18:59:08,920 DEBUG    urllib3.connectionpool https://sqladmin.googleapis.com:443 "GET /sql/v1beta4/projects/analog-bot-325915/operations/d77f131b-6496-41cd-a5a0-af5c16dd71e7?alt=json HTTP/1.1" 200 None
2021-12-20 18:59:13,509 DEBUG    urllib3.connectionpool https://sqladmin.googleapis.com:443 "GET /sql/v1beta4/projects/analog-bot-325915/operations/d77f131b-6496-41cd-a5a0-af5c16dd71e7?alt=json HTTP/1.1" 200 None
2021-12-20 18:59:22,227 DEBUG    urllib3.connectionpool https://sqladmin.googleapis.com:443 "GET /sql/v1beta4/projects/analog-bot-325915/operations/d77f131b-6496-41cd-a5a0-af5c16dd71e7?alt=json HTTP/1.1" 200 None
2021-12-20 18:59:38,854 DEBUG    urllib3.connectionpool https://sqladmin.googleapis.com:443 "GET /sql/v1beta4/projects/analog-bot-325915/operations/d77f131b-6496-41cd-a5a0-af5c16dd71e7?alt=json HTTP/1.1" 200 None
2021-12-20 18:59:38,961 DEBUG    urllib3.connectionpool https://sqladmin.googleapis.com:443 "GET /sql/v1beta4/projects/analog-bot-325915/instances/app-database?alt=json HTTP/1.1" 200 None
2021-12-20 18:59:38,965 INFO     ___FILE_ONLY___ Connecting to database with SQL user [postgres].
2021-12-20 18:59:38,966 DEBUG    root            Executing command: ['psql', '-h', '34.78.105.128', '-U', 'postgres', '-W']
