2021-12-20 18:52:10,531 DEBUG    root            Loaded Command Group: ['gcloud', 'sql']
2021-12-20 18:52:10,533 DEBUG    root            Loaded Command Group: ['gcloud', 'sql', 'instances']
2021-12-20 18:52:10,549 DEBUG    root            Loaded Command Group: ['gcloud', 'sql', 'instances', 'list']
2021-12-20 18:52:10,555 DEBUG    root            Running [gcloud.sql.instances.list] with arguments: []
2021-12-20 18:52:10,567 DEBUG    google.auth.transport.requests Making request: GET http://metadata.google.internal/computeMetadata/v1/instance/service-accounts/712862630822-compute@developer.gserviceaccount.com/?recursive=true
2021-12-20 18:52:10,569 DEBUG    urllib3.connectionpool Starting new HTTP connection (1): metadata.google.internal:80
2021-12-20 18:52:10,571 DEBUG    urllib3.connectionpool http://metadata.google.internal:80 "GET /computeMetadata/v1/instance/service-accounts/712862630822-compute@developer.gserviceaccount.com/?recursive=true HTTP/1.1" 200 207
2021-12-20 18:52:10,572 DEBUG    google.auth.transport.requests Making request: GET http://metadata.google.internal/computeMetadata/v1/instance/service-accounts/712862630822-compute@developer.gserviceaccount.com/token
2021-12-20 18:52:10,575 DEBUG    urllib3.connectionpool http://metadata.google.internal:80 "GET /computeMetadata/v1/instance/service-accounts/712862630822-compute@developer.gserviceaccount.com/token HTTP/1.1" 200 269
2021-12-20 18:52:10,606 DEBUG    google.auth.transport.requests Making request: GET http://metadata.google.internal/computeMetadata/v1/instance/service-accounts/712862630822-compute@developer.gserviceaccount.com/?recursive=true
2021-12-20 18:52:10,607 DEBUG    urllib3.connectionpool Starting new HTTP connection (1): metadata.google.internal:80
2021-12-20 18:52:10,608 DEBUG    urllib3.connectionpool http://metadata.google.internal:80 "GET /computeMetadata/v1/instance/service-accounts/712862630822-compute@developer.gserviceaccount.com/?recursive=true HTTP/1.1" 200 207
2021-12-20 18:52:10,609 DEBUG    google.auth.transport.requests Making request: GET http://metadata.google.internal/computeMetadata/v1/instance/service-accounts/712862630822-compute@developer.gserviceaccount.com/token
2021-12-20 18:52:10,611 DEBUG    urllib3.connectionpool http://metadata.google.internal:80 "GET /computeMetadata/v1/instance/service-accounts/712862630822-compute@developer.gserviceaccount.com/token HTTP/1.1" 200 269
2021-12-20 18:52:10,620 INFO     root            Display format: ":(settings.userLabels:alias=labels:label=LABELS) table(name,databaseVersion,firstof(gceZone,region):label=LOCATION,settings.tier,ip_addresses.filter("type:PRIMARY").*extract(ip_address).flatten().yesno(no="-"):label=PRIMARY_ADDRESS,ip_addresses.filter("type:PRIVATE").*extract(ip_address).flatten().yesno(no="-"):label=PRIVATE_ADDRESS,state:label=STATUS)"
2021-12-20 18:52:10,622 DEBUG    urllib3.connectionpool Starting new HTTPS connection (1): sqladmin.googleapis.com:443
2021-12-20 18:52:11,068 DEBUG    urllib3.connectionpool https://sqladmin.googleapis.com:443 "GET /sql/v1beta4/projects/analog-bot-325915/instances?alt=json&maxResults=100 HTTP/1.1" 200 None
2021-12-20 18:52:11,077 INFO     ___FILE_ONLY___ NAME
2021-12-20 18:52:11,077 INFO     ___FILE_ONLY___           
2021-12-20 18:52:11,077 INFO     ___FILE_ONLY___ DATABASE_VERSION
2021-12-20 18:52:11,077 INFO     ___FILE_ONLY___   
2021-12-20 18:52:11,077 INFO     ___FILE_ONLY___ LOCATION
2021-12-20 18:52:11,077 INFO     ___FILE_ONLY___         
2021-12-20 18:52:11,077 INFO     ___FILE_ONLY___ TIER
2021-12-20 18:52:11,077 INFO     ___FILE_ONLY___          
2021-12-20 18:52:11,077 INFO     ___FILE_ONLY___ PRIMARY_ADDRESS
2021-12-20 18:52:11,078 INFO     ___FILE_ONLY___   
2021-12-20 18:52:11,078 INFO     ___FILE_ONLY___ PRIVATE_ADDRESS
2021-12-20 18:52:11,078 INFO     ___FILE_ONLY___   
2021-12-20 18:52:11,078 INFO     ___FILE_ONLY___ STATUS
2021-12-20 18:52:11,078 INFO     ___FILE_ONLY___ 

2021-12-20 18:52:11,078 INFO     ___FILE_ONLY___ app-database
2021-12-20 18:52:11,078 INFO     ___FILE_ONLY___   
2021-12-20 18:52:11,078 INFO     ___FILE_ONLY___ POSTGRES_13
2021-12-20 18:52:11,078 INFO     ___FILE_ONLY___        
2021-12-20 18:52:11,078 INFO     ___FILE_ONLY___ europe-west1-b
2021-12-20 18:52:11,078 INFO     ___FILE_ONLY___   
2021-12-20 18:52:11,078 INFO     ___FILE_ONLY___ db-f1-micro
2021-12-20 18:52:11,078 INFO     ___FILE_ONLY___   
2021-12-20 18:52:11,078 INFO     ___FILE_ONLY___ 34.78.105.128
2021-12-20 18:52:11,078 INFO     ___FILE_ONLY___     
2021-12-20 18:52:11,079 INFO     ___FILE_ONLY___ -
2021-12-20 18:52:11,079 INFO     ___FILE_ONLY___                 
2021-12-20 18:52:11,079 INFO     ___FILE_ONLY___ RUNNABLE
2021-12-20 18:52:11,079 INFO     ___FILE_ONLY___ 

2021-12-20 18:52:11,079 DEBUG    root            SDK update checks are disabled.
