2021-12-20 19:01:56,342 DEBUG    root            Loaded Command Group: ['gcloud', 'sql']
2021-12-20 19:01:56,363 DEBUG    root            Loaded Command Group: ['gcloud', 'sql', 'connect']
2021-12-20 19:01:56,371 DEBUG    root            Running [gcloud.sql.connect] with arguments: [--user: "postgres", INSTANCE: "app-database"]
2021-12-20 19:01:56,383 DEBUG    google.auth.transport.requests Making request: GET http://metadata.google.internal/computeMetadata/v1/instance/service-accounts/712862630822-compute@developer.gserviceaccount.com/?recursive=true
2021-12-20 19:01:56,385 DEBUG    urllib3.connectionpool Starting new HTTP connection (1): metadata.google.internal:80
2021-12-20 19:01:56,386 DEBUG    urllib3.connectionpool http://metadata.google.internal:80 "GET /computeMetadata/v1/instance/service-accounts/712862630822-compute@developer.gserviceaccount.com/?recursive=true HTTP/1.1" 200 207
2021-12-20 19:01:56,387 DEBUG    google.auth.transport.requests Making request: GET http://metadata.google.internal/computeMetadata/v1/instance/service-accounts/712862630822-compute@developer.gserviceaccount.com/token
2021-12-20 19:01:56,390 DEBUG    urllib3.connectionpool http://metadata.google.internal:80 "GET /computeMetadata/v1/instance/service-accounts/712862630822-compute@developer.gserviceaccount.com/token HTTP/1.1" 200 269
2021-12-20 19:01:56,412 DEBUG    google.auth.transport.requests Making request: GET http://metadata.google.internal/computeMetadata/v1/instance/service-accounts/712862630822-compute@developer.gserviceaccount.com/?recursive=true
2021-12-20 19:01:56,414 DEBUG    urllib3.connectionpool Starting new HTTP connection (1): metadata.google.internal:80
2021-12-20 19:01:56,415 DEBUG    urllib3.connectionpool http://metadata.google.internal:80 "GET /computeMetadata/v1/instance/service-accounts/712862630822-compute@developer.gserviceaccount.com/?recursive=true HTTP/1.1" 200 207
2021-12-20 19:01:56,416 DEBUG    google.auth.transport.requests Making request: GET http://metadata.google.internal/computeMetadata/v1/instance/service-accounts/712862630822-compute@developer.gserviceaccount.com/token
2021-12-20 19:01:56,418 DEBUG    urllib3.connectionpool http://metadata.google.internal:80 "GET /computeMetadata/v1/instance/service-accounts/712862630822-compute@developer.gserviceaccount.com/token HTTP/1.1" 200 269
2021-12-20 19:01:56,428 DEBUG    urllib3.connectionpool Starting new HTTPS connection (1): sqladmin.googleapis.com:443
2021-12-20 19:01:56,522 DEBUG    urllib3.connectionpool https://sqladmin.googleapis.com:443 "GET /sql/v1beta4/projects/analog-bot-325915/instances/app-database?alt=json HTTP/1.1" 200 None
2021-12-20 19:01:57,206 DEBUG    urllib3.connectionpool https://sqladmin.googleapis.com:443 "PATCH /sql/v1beta4/projects/analog-bot-325915/instances/app-database?alt=json HTTP/1.1" 200 None
2021-12-20 19:01:57,208 INFO     ___FILE_ONLY___ Allowlisting your IP for incoming connection for 5 minutes...
2021-12-20 19:01:58,249 DEBUG    urllib3.connectionpool https://sqladmin.googleapis.com:443 "GET /sql/v1beta4/projects/analog-bot-325915/operations/71dea9a7-7bdd-42d3-b01e-44b43db32710?alt=json HTTP/1.1" 200 None
2021-12-20 19:02:00,496 DEBUG    urllib3.connectionpool https://sqladmin.googleapis.com:443 "GET /sql/v1beta4/projects/analog-bot-325915/operations/71dea9a7-7bdd-42d3-b01e-44b43db32710?alt=json HTTP/1.1" 200 None
2021-12-20 19:02:05,047 DEBUG    urllib3.connectionpool https://sqladmin.googleapis.com:443 "GET /sql/v1beta4/projects/analog-bot-325915/operations/71dea9a7-7bdd-42d3-b01e-44b43db32710?alt=json HTTP/1.1" 200 None
2021-12-20 19:02:13,501 DEBUG    urllib3.connectionpool https://sqladmin.googleapis.com:443 "GET /sql/v1beta4/projects/analog-bot-325915/operations/71dea9a7-7bdd-42d3-b01e-44b43db32710?alt=json HTTP/1.1" 200 None
2021-12-20 19:02:29,783 DEBUG    urllib3.connectionpool https://sqladmin.googleapis.com:443 "GET /sql/v1beta4/projects/analog-bot-325915/operations/71dea9a7-7bdd-42d3-b01e-44b43db32710?alt=json HTTP/1.1" 200 None
2021-12-20 19:02:29,830 DEBUG    urllib3.connectionpool https://sqladmin.googleapis.com:443 "GET /sql/v1beta4/projects/analog-bot-325915/instances/app-database?alt=json HTTP/1.1" 200 None
2021-12-20 19:02:29,833 INFO     ___FILE_ONLY___ Connecting to database with SQL user [postgres].
2021-12-20 19:02:29,833 DEBUG    root            Executing command: ['psql', '-h', '34.78.105.128', '-U', 'postgres', '-W']
