2021-12-13 18:33:52,835 DEBUG    root            Loaded Command Group: ['gcloud', 'auth']
2021-12-13 18:33:52,840 DEBUG    root            Loaded Command Group: ['gcloud', 'auth', 'docker_helper']
2021-12-13 18:33:52,842 DEBUG    root            Running [gcloud.auth.docker-helper] with arguments: [METHOD: "get"]
2021-12-13 18:33:52,863 DEBUG    google.auth.transport.requests Making request: GET http://metadata.google.internal/computeMetadata/v1/instance/service-accounts/712862630822-compute@developer.gserviceaccount.com/?recursive=true
2021-12-13 18:33:52,867 DEBUG    urllib3.connectionpool Starting new HTTP connection (1): metadata.google.internal:80
2021-12-13 18:33:52,870 DEBUG    urllib3.connectionpool http://metadata.google.internal:80 "GET /computeMetadata/v1/instance/service-accounts/712862630822-compute@developer.gserviceaccount.com/?recursive=true HTTP/1.1" 200 196
2021-12-13 18:33:52,871 DEBUG    google.auth.transport.requests Making request: GET http://metadata.google.internal/computeMetadata/v1/instance/service-accounts/712862630822-compute@developer.gserviceaccount.com/token
2021-12-13 18:33:52,873 DEBUG    urllib3.connectionpool http://metadata.google.internal:80 "GET /computeMetadata/v1/instance/service-accounts/712862630822-compute@developer.gserviceaccount.com/token HTTP/1.1" 200 266
2021-12-13 18:33:52,908 DEBUG    google.auth.transport.requests Making request: GET http://metadata.google.internal/computeMetadata/v1/instance/service-accounts/712862630822-compute@developer.gserviceaccount.com/?recursive=true
2021-12-13 18:33:52,909 DEBUG    urllib3.connectionpool Starting new HTTP connection (1): metadata.google.internal:80
2021-12-13 18:33:52,911 DEBUG    urllib3.connectionpool http://metadata.google.internal:80 "GET /computeMetadata/v1/instance/service-accounts/712862630822-compute@developer.gserviceaccount.com/?recursive=true HTTP/1.1" 200 196
2021-12-13 18:33:52,912 DEBUG    google.auth.transport.requests Making request: GET http://metadata.google.internal/computeMetadata/v1/instance/service-accounts/712862630822-compute@developer.gserviceaccount.com/token?scopes=https%3A%2F%2Fwww.googleapis.com%2Fauth%2Fdevstorage.full_control%2Chttps%3A%2F%2Fwww.googleapis.com%2Fauth%2Flogging.write%2Chttps%3A%2F%2Fwww.googleapis.com%2Fauth%2Fmonitoring.write%2Chttps%3A%2F%2Fwww.googleapis.com%2Fauth%2Fservice.management.readonly%2Chttps%3A%2F%2Fwww.googleapis.com%2Fauth%2Fservicecontrol%2Chttps%3A%2F%2Fwww.googleapis.com%2Fauth%2Ftrace.append
2021-12-13 18:33:52,915 DEBUG    urllib3.connectionpool http://metadata.google.internal:80 "GET /computeMetadata/v1/instance/service-accounts/712862630822-compute@developer.gserviceaccount.com/token?scopes=https%3A%2F%2Fwww.googleapis.com%2Fauth%2Fdevstorage.full_control%2Chttps%3A%2F%2Fwww.googleapis.com%2Fauth%2Flogging.write%2Chttps%3A%2F%2Fwww.googleapis.com%2Fauth%2Fmonitoring.write%2Chttps%3A%2F%2Fwww.googleapis.com%2Fauth%2Fservice.management.readonly%2Chttps%3A%2F%2Fwww.googleapis.com%2Fauth%2Fservicecontrol%2Chttps%3A%2F%2Fwww.googleapis.com%2Fauth%2Ftrace.append HTTP/1.1" 200 266
2021-12-13 18:33:52,918 INFO     root            Display format: "json"
2021-12-13 18:33:52,919 INFO     ___FILE_ONLY___ {
  "Secret": "ya29.c.b0AXv0zTMhpP-f16JrNPORfLrxX1ExS4JMBCMuOLTNvnk2xKJtvahhNy4fdtRhXWntXwWyeDdkTgkPBukmfOLPvbs_oyPIkZ6W9bxS-zTtttVPCbw5syZoyoQ_I2wdHfKYxkRafNsqM2Oj_DBgrOLCCpB_G6j12hdEuqO6cBJTprnnR55f1rJbGbtgsDg453CcqJCLQa9oiudWE-S3Wbe-QNg",
  "Username": "_dcgcloud_token"
}
2021-12-13 18:33:52,919 INFO     ___FILE_ONLY___ 

2021-12-13 18:33:52,919 DEBUG    root            SDK update checks are disabled.
