2022-01-10 09:13:41,589 DEBUG    root            Loaded Command Group: ['gcloud', 'sql']
2022-01-10 09:13:41,609 DEBUG    root            Loaded Command Group: ['gcloud', 'sql', 'connect']
2022-01-10 09:13:41,615 DEBUG    root            Running [gcloud.sql.connect] with arguments: [--user: "postgres", INSTANCE: "app-database2"]
2022-01-10 09:13:41,626 DEBUG    google.auth.transport.requests Making request: GET http://metadata.google.internal/computeMetadata/v1/instance/service-accounts/712862630822-compute@developer.gserviceaccount.com/?recursive=true
2022-01-10 09:13:41,628 DEBUG    urllib3.connectionpool Starting new HTTP connection (1): metadata.google.internal:80
2022-01-10 09:13:41,629 DEBUG    urllib3.connectionpool http://metadata.google.internal:80 "GET /computeMetadata/v1/instance/service-accounts/712862630822-compute@developer.gserviceaccount.com/?recursive=true HTTP/1.1" 200 207
2022-01-10 09:13:41,630 DEBUG    google.auth.transport.requests Making request: GET http://metadata.google.internal/computeMetadata/v1/instance/service-accounts/712862630822-compute@developer.gserviceaccount.com/token
2022-01-10 09:13:41,632 DEBUG    urllib3.connectionpool http://metadata.google.internal:80 "GET /computeMetadata/v1/instance/service-accounts/712862630822-compute@developer.gserviceaccount.com/token HTTP/1.1" 200 269
2022-01-10 09:13:41,660 DEBUG    google.auth.transport.requests Making request: GET http://metadata.google.internal/computeMetadata/v1/instance/service-accounts/712862630822-compute@developer.gserviceaccount.com/?recursive=true
2022-01-10 09:13:41,661 DEBUG    urllib3.connectionpool Starting new HTTP connection (1): metadata.google.internal:80
2022-01-10 09:13:41,663 DEBUG    urllib3.connectionpool http://metadata.google.internal:80 "GET /computeMetadata/v1/instance/service-accounts/712862630822-compute@developer.gserviceaccount.com/?recursive=true HTTP/1.1" 200 207
2022-01-10 09:13:41,663 DEBUG    google.auth.transport.requests Making request: GET http://metadata.google.internal/computeMetadata/v1/instance/service-accounts/712862630822-compute@developer.gserviceaccount.com/token
2022-01-10 09:13:41,666 DEBUG    urllib3.connectionpool http://metadata.google.internal:80 "GET /computeMetadata/v1/instance/service-accounts/712862630822-compute@developer.gserviceaccount.com/token HTTP/1.1" 200 269
2022-01-10 09:13:41,677 DEBUG    urllib3.connectionpool Starting new HTTPS connection (1): sqladmin.googleapis.com:443
2022-01-10 09:13:41,766 DEBUG    urllib3.connectionpool https://sqladmin.googleapis.com:443 "GET /sql/v1beta4/projects/analog-bot-325915/instances/app-database2?alt=json HTTP/1.1" 200 None
2022-01-10 09:13:42,427 DEBUG    urllib3.connectionpool https://sqladmin.googleapis.com:443 "PATCH /sql/v1beta4/projects/analog-bot-325915/instances/app-database2?alt=json HTTP/1.1" 200 None
2022-01-10 09:13:42,428 INFO     ___FILE_ONLY___ Allowlisting your IP for incoming connection for 5 minutes...
2022-01-10 09:13:43,459 DEBUG    urllib3.connectionpool https://sqladmin.googleapis.com:443 "GET /sql/v1beta4/projects/analog-bot-325915/operations/a9eb4c56-f621-433d-ba62-df8ce158376c?alt=json HTTP/1.1" 200 None
2022-01-10 09:13:46,079 DEBUG    urllib3.connectionpool https://sqladmin.googleapis.com:443 "GET /sql/v1beta4/projects/analog-bot-325915/operations/a9eb4c56-f621-433d-ba62-df8ce158376c?alt=json HTTP/1.1" 200 None
2022-01-10 09:13:50,245 DEBUG    urllib3.connectionpool https://sqladmin.googleapis.com:443 "GET /sql/v1beta4/projects/analog-bot-325915/operations/a9eb4c56-f621-433d-ba62-df8ce158376c?alt=json HTTP/1.1" 200 None
2022-01-10 09:13:59,281 DEBUG    urllib3.connectionpool https://sqladmin.googleapis.com:443 "GET /sql/v1beta4/projects/analog-bot-325915/operations/a9eb4c56-f621-433d-ba62-df8ce158376c?alt=json HTTP/1.1" 200 None
2022-01-10 09:14:15,710 DEBUG    urllib3.connectionpool https://sqladmin.googleapis.com:443 "GET /sql/v1beta4/projects/analog-bot-325915/operations/a9eb4c56-f621-433d-ba62-df8ce158376c?alt=json HTTP/1.1" 200 None
2022-01-10 09:14:15,804 DEBUG    urllib3.connectionpool https://sqladmin.googleapis.com:443 "GET /sql/v1beta4/projects/analog-bot-325915/instances/app-database2?alt=json HTTP/1.1" 200 None
2022-01-10 09:14:15,807 INFO     ___FILE_ONLY___ Connecting to database with SQL user [postgres].
2022-01-10 09:14:15,807 DEBUG    root            Executing command: ['psql', '-h', '34.89.79.82', '-U', 'postgres', '-W']
