2022-01-10 09:17:51,870 DEBUG    root            Loaded Command Group: ['gcloud', 'config']
2022-01-10 09:17:51,872 DEBUG    root            Loaded Command Group: ['gcloud', 'config', 'config_helper']
2022-01-10 09:17:51,874 DEBUG    root            Running [gcloud.config.config-helper] with arguments: [--format: "json", --min-expiry: "3600"]
2022-01-10 09:17:51,885 DEBUG    google.auth.transport.requests Making request: GET http://metadata.google.internal/computeMetadata/v1/instance/service-accounts/712862630822-compute@developer.gserviceaccount.com/?recursive=true
2022-01-10 09:17:51,888 DEBUG    urllib3.connectionpool Starting new HTTP connection (1): metadata.google.internal:80
2022-01-10 09:17:51,890 DEBUG    urllib3.connectionpool http://metadata.google.internal:80 "GET /computeMetadata/v1/instance/service-accounts/712862630822-compute@developer.gserviceaccount.com/?recursive=true HTTP/1.1" 200 207
2022-01-10 09:17:51,890 DEBUG    google.auth.transport.requests Making request: GET http://metadata.google.internal/computeMetadata/v1/instance/service-accounts/712862630822-compute@developer.gserviceaccount.com/token
2022-01-10 09:17:51,892 DEBUG    urllib3.connectionpool http://metadata.google.internal:80 "GET /computeMetadata/v1/instance/service-accounts/712862630822-compute@developer.gserviceaccount.com/token HTTP/1.1" 200 270
2022-01-10 09:17:51,908 DEBUG    google.auth.transport.requests Making request: GET http://metadata.google.internal/computeMetadata/v1/instance/service-accounts/712862630822-compute@developer.gserviceaccount.com/?recursive=true
2022-01-10 09:17:51,910 DEBUG    urllib3.connectionpool Starting new HTTP connection (1): metadata.google.internal:80
2022-01-10 09:17:51,912 DEBUG    urllib3.connectionpool http://metadata.google.internal:80 "GET /computeMetadata/v1/instance/service-accounts/712862630822-compute@developer.gserviceaccount.com/?recursive=true HTTP/1.1" 200 207
2022-01-10 09:17:51,912 DEBUG    google.auth.transport.requests Making request: GET http://metadata.google.internal/computeMetadata/v1/instance/service-accounts/712862630822-compute@developer.gserviceaccount.com/token?scopes=https%3A%2F%2Fwww.googleapis.com%2Fauth%2Fdevstorage.full_control%2Chttps%3A%2F%2Fwww.googleapis.com%2Fauth%2Flogging.write%2Chttps%3A%2F%2Fwww.googleapis.com%2Fauth%2Fmonitoring.write%2Chttps%3A%2F%2Fwww.googleapis.com%2Fauth%2Fservice.management.readonly%2Chttps%3A%2F%2Fwww.googleapis.com%2Fauth%2Fservicecontrol%2Chttps%3A%2F%2Fwww.googleapis.com%2Fauth%2Fsqlservice.admin%2Chttps%3A%2F%2Fwww.googleapis.com%2Fauth%2Ftrace.append
2022-01-10 09:17:51,916 DEBUG    urllib3.connectionpool http://metadata.google.internal:80 "GET /computeMetadata/v1/instance/service-accounts/712862630822-compute@developer.gserviceaccount.com/token?scopes=https%3A%2F%2Fwww.googleapis.com%2Fauth%2Fdevstorage.full_control%2Chttps%3A%2F%2Fwww.googleapis.com%2Fauth%2Flogging.write%2Chttps%3A%2F%2Fwww.googleapis.com%2Fauth%2Fmonitoring.write%2Chttps%3A%2F%2Fwww.googleapis.com%2Fauth%2Fservice.management.readonly%2Chttps%3A%2F%2Fwww.googleapis.com%2Fauth%2Fservicecontrol%2Chttps%3A%2F%2Fwww.googleapis.com%2Fauth%2Fsqlservice.admin%2Chttps%3A%2F%2Fwww.googleapis.com%2Fauth%2Ftrace.append HTTP/1.1" 200 270
2022-01-10 09:17:51,925 INFO     root            Display format: "default json"
2022-01-10 09:17:51,926 INFO     ___FILE_ONLY___ {
  "configuration": {
    "active_configuration": "default",
    "properties": {
      "core": {
        "account": "712862630822-compute@developer.gserviceaccount.com",
        "disable_usage_reporting": "True",
        "project": "analog-bot-325915"
      }
    }
  },
  "credential": {
    "access_token": "ya29.c.b0AXv0zTOMjDft32awONDhdWVdwVlMmP6SByBFAsmt1kOKufIBhB0NgcI7B-svvlFyKURXpz86NrKaIywhNHQjhqk6_gTK06ijoppSEub7UTPzj-gE27nDixudQ0PVcKRwK8i1lZpNUl2_VvndrZYJ0P1GfOyVCKuItAhcR_JLj3GtdwBBTrB9ZhV-i0ZPASOEsF0MLyAad9mIvHIiAkXkuqihzQ",
    "id_token": "eyJhbGciOiJSUzI1NiIsImtpZCI6IjMzZmY1YWYxMmQ3NjY2YzU4Zjk5NTZlNjVlNDZjOWMwMmVmOGU3NDIiLCJ0eXAiOiJKV1QifQ.eyJhdWQiOiIzMjU1NTk0MDU1OS5hcHBzLmdvb2dsZXVzZXJjb250ZW50LmNvbSIsImF6cCI6IjExNTQzNDg1NjY4NDkxNTQyOTIxOSIsImV4cCI6MTY0MTgwOTg3MSwiaWF0IjoxNjQxODA2MjcxLCJpc3MiOiJodHRwczovL2FjY291bnRzLmdvb2dsZS5jb20iLCJzdWIiOiIxMTU0MzQ4NTY2ODQ5MTU0MjkyMTkifQ.H6r1TPlJIbHgxxm3ELj0lBd0d1yYIF7H6iv07FguJE_6Ifg0mGHUMRx222EhLjXz6NihI2piH5_nUYQ5kTtr8gRCnm2AbCtXBLhFBwmNdXrW_SL2OwNikHmy_xbBkZC_rboqN5QDh7efZ-Qt2stbNYtTSU0oq2hjKwKhpgdllgZMlS1y-_on_so1X7TmMOXg5DFCViTgV2YsHhEGmklUwcthJYDmjiRe6LZ_FhJJQJoAsi_Ox5gEDswEWInYhRdjUc8iEHqWeVsfFP9HxkFz_7h6GGJJSC39nekQ24XwZ55qBZm6vRyuQJ2fZUMSG-bNkfbdfw_j57wZCALBolq1Ng",
    "token_expiry": "2022-01-10T10:13:59Z"
  },
  "sentinels": {
    "config_sentinel": "/home/silviu/.config/gcloud/config_sentinel"
  }
}
2022-01-10 09:17:51,926 INFO     ___FILE_ONLY___ 

2022-01-10 09:17:51,926 DEBUG    root            SDK update checks are disabled.
