2022-01-10 09:14:32,894 DEBUG    root            Loaded Command Group: ['gcloud', 'sql']
2022-01-10 09:14:32,914 DEBUG    root            Loaded Command Group: ['gcloud', 'sql', 'connect']
2022-01-10 09:14:32,920 DEBUG    root            Running [gcloud.sql.connect] with arguments: [--user: "postgres", INSTANCE: "app-database2"]
2022-01-10 09:14:32,932 DEBUG    google.auth.transport.requests Making request: GET http://metadata.google.internal/computeMetadata/v1/instance/service-accounts/712862630822-compute@developer.gserviceaccount.com/?recursive=true
2022-01-10 09:14:32,934 DEBUG    urllib3.connectionpool Starting new HTTP connection (1): metadata.google.internal:80
2022-01-10 09:14:32,936 DEBUG    urllib3.connectionpool http://metadata.google.internal:80 "GET /computeMetadata/v1/instance/service-accounts/712862630822-compute@developer.gserviceaccount.com/?recursive=true HTTP/1.1" 200 207
2022-01-10 09:14:32,937 DEBUG    google.auth.transport.requests Making request: GET http://metadata.google.internal/computeMetadata/v1/instance/service-accounts/712862630822-compute@developer.gserviceaccount.com/token
2022-01-10 09:14:32,939 DEBUG    urllib3.connectionpool http://metadata.google.internal:80 "GET /computeMetadata/v1/instance/service-accounts/712862630822-compute@developer.gserviceaccount.com/token HTTP/1.1" 200 270
2022-01-10 09:14:32,963 DEBUG    google.auth.transport.requests Making request: GET http://metadata.google.internal/computeMetadata/v1/instance/service-accounts/712862630822-compute@developer.gserviceaccount.com/?recursive=true
2022-01-10 09:14:32,964 DEBUG    urllib3.connectionpool Starting new HTTP connection (1): metadata.google.internal:80
2022-01-10 09:14:32,966 DEBUG    urllib3.connectionpool http://metadata.google.internal:80 "GET /computeMetadata/v1/instance/service-accounts/712862630822-compute@developer.gserviceaccount.com/?recursive=true HTTP/1.1" 200 207
2022-01-10 09:14:32,966 DEBUG    google.auth.transport.requests Making request: GET http://metadata.google.internal/computeMetadata/v1/instance/service-accounts/712862630822-compute@developer.gserviceaccount.com/token
2022-01-10 09:14:32,968 DEBUG    urllib3.connectionpool http://metadata.google.internal:80 "GET /computeMetadata/v1/instance/service-accounts/712862630822-compute@developer.gserviceaccount.com/token HTTP/1.1" 200 270
2022-01-10 09:14:32,979 DEBUG    urllib3.connectionpool Starting new HTTPS connection (1): sqladmin.googleapis.com:443
2022-01-10 09:14:33,067 DEBUG    urllib3.connectionpool https://sqladmin.googleapis.com:443 "GET /sql/v1beta4/projects/analog-bot-325915/instances/app-database2?alt=json HTTP/1.1" 200 None
2022-01-10 09:14:33,717 DEBUG    urllib3.connectionpool https://sqladmin.googleapis.com:443 "PATCH /sql/v1beta4/projects/analog-bot-325915/instances/app-database2?alt=json HTTP/1.1" 200 None
2022-01-10 09:14:33,719 INFO     ___FILE_ONLY___ Allowlisting your IP for incoming connection for 5 minutes...
2022-01-10 09:14:34,762 DEBUG    urllib3.connectionpool https://sqladmin.googleapis.com:443 "GET /sql/v1beta4/projects/analog-bot-325915/operations/c6c64482-3a0d-48cb-83df-ba076454ab22?alt=json HTTP/1.1" 200 None
2022-01-10 09:14:37,013 DEBUG    urllib3.connectionpool https://sqladmin.googleapis.com:443 "GET /sql/v1beta4/projects/analog-bot-325915/operations/c6c64482-3a0d-48cb-83df-ba076454ab22?alt=json HTTP/1.1" 200 None
2022-01-10 09:14:41,726 DEBUG    urllib3.connectionpool https://sqladmin.googleapis.com:443 "GET /sql/v1beta4/projects/analog-bot-325915/operations/c6c64482-3a0d-48cb-83df-ba076454ab22?alt=json HTTP/1.1" 200 None
2022-01-10 09:14:50,334 DEBUG    urllib3.connectionpool https://sqladmin.googleapis.com:443 "GET /sql/v1beta4/projects/analog-bot-325915/operations/c6c64482-3a0d-48cb-83df-ba076454ab22?alt=json HTTP/1.1" 200 None
2022-01-10 09:15:07,288 DEBUG    urllib3.connectionpool https://sqladmin.googleapis.com:443 "GET /sql/v1beta4/projects/analog-bot-325915/operations/c6c64482-3a0d-48cb-83df-ba076454ab22?alt=json HTTP/1.1" 200 None
2022-01-10 09:15:07,394 DEBUG    urllib3.connectionpool https://sqladmin.googleapis.com:443 "GET /sql/v1beta4/projects/analog-bot-325915/instances/app-database2?alt=json HTTP/1.1" 200 None
2022-01-10 09:15:07,397 INFO     ___FILE_ONLY___ Connecting to database with SQL user [postgres].
2022-01-10 09:15:07,397 DEBUG    root            Executing command: ['psql', '-h', '34.89.79.82', '-U', 'postgres', '-W']
