2022-01-10 09:17:50,629 DEBUG    root            Loaded Command Group: ['gcloud', 'config']
2022-01-10 09:17:50,633 DEBUG    root            Loaded Command Group: ['gcloud', 'config', 'config_helper']
2022-01-10 09:17:50,635 DEBUG    root            Running [gcloud.config.config-helper] with arguments: [--format: "json", --min-expiry: "3600"]
2022-01-10 09:17:50,647 DEBUG    google.auth.transport.requests Making request: GET http://metadata.google.internal/computeMetadata/v1/instance/service-accounts/712862630822-compute@developer.gserviceaccount.com/?recursive=true
2022-01-10 09:17:50,649 DEBUG    urllib3.connectionpool Starting new HTTP connection (1): metadata.google.internal:80
2022-01-10 09:17:50,651 DEBUG    urllib3.connectionpool http://metadata.google.internal:80 "GET /computeMetadata/v1/instance/service-accounts/712862630822-compute@developer.gserviceaccount.com/?recursive=true HTTP/1.1" 200 207
2022-01-10 09:17:50,652 DEBUG    google.auth.transport.requests Making request: GET http://metadata.google.internal/computeMetadata/v1/instance/service-accounts/712862630822-compute@developer.gserviceaccount.com/token
2022-01-10 09:17:50,654 DEBUG    urllib3.connectionpool http://metadata.google.internal:80 "GET /computeMetadata/v1/instance/service-accounts/712862630822-compute@developer.gserviceaccount.com/token HTTP/1.1" 200 269
2022-01-10 09:17:50,676 DEBUG    google.auth.transport.requests Making request: GET http://metadata.google.internal/computeMetadata/v1/instance/service-accounts/712862630822-compute@developer.gserviceaccount.com/?recursive=true
2022-01-10 09:17:50,677 DEBUG    urllib3.connectionpool Starting new HTTP connection (1): metadata.google.internal:80
2022-01-10 09:17:50,679 DEBUG    urllib3.connectionpool http://metadata.google.internal:80 "GET /computeMetadata/v1/instance/service-accounts/712862630822-compute@developer.gserviceaccount.com/?recursive=true HTTP/1.1" 200 207
2022-01-10 09:17:50,679 DEBUG    google.auth.transport.requests Making request: GET http://metadata.google.internal/computeMetadata/v1/instance/service-accounts/712862630822-compute@developer.gserviceaccount.com/token?scopes=https%3A%2F%2Fwww.googleapis.com%2Fauth%2Fdevstorage.full_control%2Chttps%3A%2F%2Fwww.googleapis.com%2Fauth%2Flogging.write%2Chttps%3A%2F%2Fwww.googleapis.com%2Fauth%2Fmonitoring.write%2Chttps%3A%2F%2Fwww.googleapis.com%2Fauth%2Fservice.management.readonly%2Chttps%3A%2F%2Fwww.googleapis.com%2Fauth%2Fservicecontrol%2Chttps%3A%2F%2Fwww.googleapis.com%2Fauth%2Fsqlservice.admin%2Chttps%3A%2F%2Fwww.googleapis.com%2Fauth%2Ftrace.append
2022-01-10 09:17:50,682 DEBUG    urllib3.connectionpool http://metadata.google.internal:80 "GET /computeMetadata/v1/instance/service-accounts/712862630822-compute@developer.gserviceaccount.com/token?scopes=https%3A%2F%2Fwww.googleapis.com%2Fauth%2Fdevstorage.full_control%2Chttps%3A%2F%2Fwww.googleapis.com%2Fauth%2Flogging.write%2Chttps%3A%2F%2Fwww.googleapis.com%2Fauth%2Fmonitoring.write%2Chttps%3A%2F%2Fwww.googleapis.com%2Fauth%2Fservice.management.readonly%2Chttps%3A%2F%2Fwww.googleapis.com%2Fauth%2Fservicecontrol%2Chttps%3A%2F%2Fwww.googleapis.com%2Fauth%2Fsqlservice.admin%2Chttps%3A%2F%2Fwww.googleapis.com%2Fauth%2Ftrace.append HTTP/1.1" 200 269
2022-01-10 09:17:50,692 INFO     root            Display format: "default json"
2022-01-10 09:17:50,692 INFO     ___FILE_ONLY___ {
  "configuration": {
    "active_configuration": "default",
    "properties": {
      "core": {
        "account": "712862630822-compute@developer.gserviceaccount.com",
        "disable_usage_reporting": "True",
        "project": "analog-bot-325915"
      }
    }
  },
  "credential": {
    "access_token": "ya29.c.b0AXv0zTOMjDft32awONDhdWVdwVlMmP6SByBFAsmt1kOKufIBhB0NgcI7B-svvlFyKURXpz86NrKaIywhNHQjhqk6_gTK06ijoppSEub7UTPzj-gE27nDixudQ0PVcKRwK8i1lZpNUl2_VvndrZYJ0P1GfOyVCKuItAhcR_JLj3GtdwBBTrB9ZhV-i0ZPASOEsF0MLyAad9mIvHIiAkXkuqihzQ",
    "id_token": "eyJhbGciOiJSUzI1NiIsImtpZCI6IjMzZmY1YWYxMmQ3NjY2YzU4Zjk5NTZlNjVlNDZjOWMwMmVmOGU3NDIiLCJ0eXAiOiJKV1QifQ.eyJhdWQiOiIzMjU1NTk0MDU1OS5hcHBzLmdvb2dsZXVzZXJjb250ZW50LmNvbSIsImF6cCI6IjExNTQzNDg1NjY4NDkxNTQyOTIxOSIsImV4cCI6MTY0MTgwOTg3MCwiaWF0IjoxNjQxODA2MjcwLCJpc3MiOiJodHRwczovL2FjY291bnRzLmdvb2dsZS5jb20iLCJzdWIiOiIxMTU0MzQ4NTY2ODQ5MTU0MjkyMTkifQ.AfcDC3K5t9brcBeHyCdYwW27t5elXZ7LjoVkH5zondF3ZaXu6e3m9lqz4Ggud6R3EsrKi3CaXXhZqAEt21E98dzhRj-t9gFUDVCspDfXkYfk-Gr6-xcu1ssb1QsI8x19WtkWzfpmQ2_2fDFji7bhZK54VkhYMai_2S4pnkSmx6Z9y2FGu-9sLK2ZxUJJ5Jj-sRWf_xcPfEnFdOQcuEagdhVg8v2Q7VSI-fk8WxV8cr_QczKh0wxFHTxZjLMh65KidONhfmu--OQFfSrU4oeUD64EWg9gAPs1AAjcvnLLYqpYBzsTU-_-prks4xEufwP8OpS3GRkJBdBEItAuuD5uZw",
    "token_expiry": "2022-01-10T10:13:59Z"
  },
  "sentinels": {
    "config_sentinel": "/home/silviu/.config/gcloud/config_sentinel"
  }
}
2022-01-10 09:17:50,692 INFO     ___FILE_ONLY___ 

2022-01-10 09:17:50,693 DEBUG    root            SDK update checks are disabled.
