2022-01-10 09:12:28,965 DEBUG    root            Loaded Command Group: ['gcloud', 'sql']
2022-01-10 09:12:28,985 DEBUG    root            Loaded Command Group: ['gcloud', 'sql', 'connect']
2022-01-10 09:12:28,994 DEBUG    root            Running [gcloud.sql.connect] with arguments: [--user: "postgres", INSTANCE: "app-database2"]
2022-01-10 09:12:29,006 DEBUG    google.auth.transport.requests Making request: GET http://metadata.google.internal/computeMetadata/v1/instance/service-accounts/712862630822-compute@developer.gserviceaccount.com/?recursive=true
2022-01-10 09:12:29,009 DEBUG    urllib3.connectionpool Starting new HTTP connection (1): metadata.google.internal:80
2022-01-10 09:12:29,011 DEBUG    urllib3.connectionpool http://metadata.google.internal:80 "GET /computeMetadata/v1/instance/service-accounts/712862630822-compute@developer.gserviceaccount.com/?recursive=true HTTP/1.1" 200 207
2022-01-10 09:12:29,012 DEBUG    google.auth.transport.requests Making request: GET http://metadata.google.internal/computeMetadata/v1/instance/service-accounts/712862630822-compute@developer.gserviceaccount.com/token
2022-01-10 09:12:29,014 DEBUG    urllib3.connectionpool http://metadata.google.internal:80 "GET /computeMetadata/v1/instance/service-accounts/712862630822-compute@developer.gserviceaccount.com/token HTTP/1.1" 200 269
2022-01-10 09:12:29,041 DEBUG    google.auth.transport.requests Making request: GET http://metadata.google.internal/computeMetadata/v1/instance/service-accounts/712862630822-compute@developer.gserviceaccount.com/?recursive=true
2022-01-10 09:12:29,042 DEBUG    urllib3.connectionpool Starting new HTTP connection (1): metadata.google.internal:80
2022-01-10 09:12:29,044 DEBUG    urllib3.connectionpool http://metadata.google.internal:80 "GET /computeMetadata/v1/instance/service-accounts/712862630822-compute@developer.gserviceaccount.com/?recursive=true HTTP/1.1" 200 207
2022-01-10 09:12:29,044 DEBUG    google.auth.transport.requests Making request: GET http://metadata.google.internal/computeMetadata/v1/instance/service-accounts/712862630822-compute@developer.gserviceaccount.com/token
2022-01-10 09:12:29,047 DEBUG    urllib3.connectionpool http://metadata.google.internal:80 "GET /computeMetadata/v1/instance/service-accounts/712862630822-compute@developer.gserviceaccount.com/token HTTP/1.1" 200 269
2022-01-10 09:12:29,058 DEBUG    urllib3.connectionpool Starting new HTTPS connection (1): sqladmin.googleapis.com:443
2022-01-10 09:12:29,148 DEBUG    urllib3.connectionpool https://sqladmin.googleapis.com:443 "GET /sql/v1beta4/projects/analog-bot-325915/instances/app-database2?alt=json HTTP/1.1" 200 None
2022-01-10 09:12:29,831 DEBUG    urllib3.connectionpool https://sqladmin.googleapis.com:443 "PATCH /sql/v1beta4/projects/analog-bot-325915/instances/app-database2?alt=json HTTP/1.1" 200 None
2022-01-10 09:12:29,833 INFO     ___FILE_ONLY___ Allowlisting your IP for incoming connection for 5 minutes...
2022-01-10 09:12:30,887 DEBUG    urllib3.connectionpool https://sqladmin.googleapis.com:443 "GET /sql/v1beta4/projects/analog-bot-325915/operations/0fe0edd5-ce64-42f4-9e30-808db9e3b27f?alt=json HTTP/1.1" 200 None
2022-01-10 09:12:33,187 DEBUG    urllib3.connectionpool https://sqladmin.googleapis.com:443 "GET /sql/v1beta4/projects/analog-bot-325915/operations/0fe0edd5-ce64-42f4-9e30-808db9e3b27f?alt=json HTTP/1.1" 200 None
2022-01-10 09:12:37,718 DEBUG    urllib3.connectionpool https://sqladmin.googleapis.com:443 "GET /sql/v1beta4/projects/analog-bot-325915/operations/0fe0edd5-ce64-42f4-9e30-808db9e3b27f?alt=json HTTP/1.1" 200 None
2022-01-10 09:12:46,281 DEBUG    urllib3.connectionpool https://sqladmin.googleapis.com:443 "GET /sql/v1beta4/projects/analog-bot-325915/operations/0fe0edd5-ce64-42f4-9e30-808db9e3b27f?alt=json HTTP/1.1" 200 None
2022-01-10 09:13:03,057 DEBUG    urllib3.connectionpool https://sqladmin.googleapis.com:443 "GET /sql/v1beta4/projects/analog-bot-325915/operations/0fe0edd5-ce64-42f4-9e30-808db9e3b27f?alt=json HTTP/1.1" 200 None
2022-01-10 09:13:03,117 DEBUG    urllib3.connectionpool https://sqladmin.googleapis.com:443 "GET /sql/v1beta4/projects/analog-bot-325915/instances/app-database2?alt=json HTTP/1.1" 200 None
2022-01-10 09:13:03,120 INFO     ___FILE_ONLY___ Connecting to database with SQL user [postgres].
2022-01-10 09:13:03,120 DEBUG    root            Executing command: ['psql', '-h', '34.89.79.82', '-U', 'postgres', '-W']
