2022-01-10 10:02:18,770 DEBUG    root            Loaded Command Group: ['gcloud', 'sql']
2022-01-10 10:02:18,772 DEBUG    root            Loaded Command Group: ['gcloud', 'sql', 'instances']
2022-01-10 10:02:18,810 DEBUG    root            Loaded Command Group: ['gcloud', 'sql', 'instances', 'describe']
2022-01-10 10:02:18,819 DEBUG    root            Running [gcloud.sql.instances.describe] with arguments: [INSTANCE: "app-database2"]
2022-01-10 10:02:18,834 DEBUG    google.auth.transport.requests Making request: GET http://metadata.google.internal/computeMetadata/v1/instance/service-accounts/712862630822-compute@developer.gserviceaccount.com/?recursive=true
2022-01-10 10:02:18,837 DEBUG    urllib3.connectionpool Starting new HTTP connection (1): metadata.google.internal:80
2022-01-10 10:02:18,838 DEBUG    urllib3.connectionpool http://metadata.google.internal:80 "GET /computeMetadata/v1/instance/service-accounts/712862630822-compute@developer.gserviceaccount.com/?recursive=true HTTP/1.1" 200 207
2022-01-10 10:02:18,839 DEBUG    google.auth.transport.requests Making request: GET http://metadata.google.internal/computeMetadata/v1/instance/service-accounts/712862630822-compute@developer.gserviceaccount.com/token
2022-01-10 10:02:18,841 DEBUG    urllib3.connectionpool http://metadata.google.internal:80 "GET /computeMetadata/v1/instance/service-accounts/712862630822-compute@developer.gserviceaccount.com/token HTTP/1.1" 200 278
2022-01-10 10:02:18,862 DEBUG    google.auth.transport.requests Making request: GET http://metadata.google.internal/computeMetadata/v1/instance/service-accounts/712862630822-compute@developer.gserviceaccount.com/?recursive=true
2022-01-10 10:02:18,863 DEBUG    urllib3.connectionpool Starting new HTTP connection (1): metadata.google.internal:80
2022-01-10 10:02:18,865 DEBUG    urllib3.connectionpool http://metadata.google.internal:80 "GET /computeMetadata/v1/instance/service-accounts/712862630822-compute@developer.gserviceaccount.com/?recursive=true HTTP/1.1" 200 207
2022-01-10 10:02:18,865 DEBUG    google.auth.transport.requests Making request: GET http://metadata.google.internal/computeMetadata/v1/instance/service-accounts/712862630822-compute@developer.gserviceaccount.com/token
2022-01-10 10:02:18,867 DEBUG    urllib3.connectionpool http://metadata.google.internal:80 "GET /computeMetadata/v1/instance/service-accounts/712862630822-compute@developer.gserviceaccount.com/token HTTP/1.1" 200 278
2022-01-10 10:02:18,881 DEBUG    urllib3.connectionpool Starting new HTTPS connection (1): sqladmin.googleapis.com:443
2022-01-10 10:02:18,962 DEBUG    urllib3.connectionpool https://sqladmin.googleapis.com:443 "GET /sql/v1beta4/projects/analog-bot-325915/instances/app-database2?alt=json HTTP/1.1" 200 None
2022-01-10 10:02:18,966 INFO     root            Display format: ":(settings.userLabels:alias=labels:label=LABELS) default"
2022-01-10 10:02:18,969 INFO     ___FILE_ONLY___ backendType
2022-01-10 10:02:18,969 INFO     ___FILE_ONLY___ :
2022-01-10 10:02:18,969 INFO     ___FILE_ONLY___  
2022-01-10 10:02:18,969 INFO     ___FILE_ONLY___ SECOND_GEN
2022-01-10 10:02:18,969 INFO     ___FILE_ONLY___ 

2022-01-10 10:02:18,969 INFO     ___FILE_ONLY___ connectionName
2022-01-10 10:02:18,969 INFO     ___FILE_ONLY___ :
2022-01-10 10:02:18,969 INFO     ___FILE_ONLY___  
2022-01-10 10:02:18,970 INFO     ___FILE_ONLY___ analog-bot-325915:europe-west2:app-database2
2022-01-10 10:02:18,970 INFO     ___FILE_ONLY___ 

2022-01-10 10:02:18,970 INFO     ___FILE_ONLY___ createTime
2022-01-10 10:02:18,971 INFO     ___FILE_ONLY___ :
2022-01-10 10:02:18,972 INFO     ___FILE_ONLY___  '
2022-01-10 10:02:18,972 INFO     ___FILE_ONLY___ 2022-01-10T08:49:28.830Z
2022-01-10 10:02:18,972 INFO     ___FILE_ONLY___ '
2022-01-10 10:02:18,972 INFO     ___FILE_ONLY___ 

2022-01-10 10:02:18,972 INFO     ___FILE_ONLY___ databaseInstalledVersion
2022-01-10 10:02:18,972 INFO     ___FILE_ONLY___ :
2022-01-10 10:02:18,972 INFO     ___FILE_ONLY___  
2022-01-10 10:02:18,972 INFO     ___FILE_ONLY___ POSTGRES_13_4
2022-01-10 10:02:18,972 INFO     ___FILE_ONLY___ 

2022-01-10 10:02:18,972 INFO     ___FILE_ONLY___ databaseVersion
2022-01-10 10:02:18,973 INFO     ___FILE_ONLY___ :
2022-01-10 10:02:18,973 INFO     ___FILE_ONLY___  
2022-01-10 10:02:18,973 INFO     ___FILE_ONLY___ POSTGRES_13
2022-01-10 10:02:18,973 INFO     ___FILE_ONLY___ 

2022-01-10 10:02:18,973 INFO     ___FILE_ONLY___ etag
2022-01-10 10:02:18,973 INFO     ___FILE_ONLY___ :
2022-01-10 10:02:18,973 INFO     ___FILE_ONLY___  
2022-01-10 10:02:18,973 INFO     ___FILE_ONLY___ 8bc125934cec37963e7f3f9a93e1dafed36f6b25b4876263000041e2657efcf3
2022-01-10 10:02:18,973 INFO     ___FILE_ONLY___ 

2022-01-10 10:02:18,973 INFO     ___FILE_ONLY___ gceZone
2022-01-10 10:02:18,974 INFO     ___FILE_ONLY___ :
2022-01-10 10:02:18,974 INFO     ___FILE_ONLY___  
2022-01-10 10:02:18,974 INFO     ___FILE_ONLY___ europe-west2-c
2022-01-10 10:02:18,974 INFO     ___FILE_ONLY___ 

2022-01-10 10:02:18,974 INFO     ___FILE_ONLY___ instanceType
2022-01-10 10:02:18,974 INFO     ___FILE_ONLY___ :
2022-01-10 10:02:18,974 INFO     ___FILE_ONLY___  
2022-01-10 10:02:18,974 INFO     ___FILE_ONLY___ CLOUD_SQL_INSTANCE
2022-01-10 10:02:18,974 INFO     ___FILE_ONLY___ 

2022-01-10 10:02:18,974 INFO     ___FILE_ONLY___ ipAddresses
2022-01-10 10:02:18,974 INFO     ___FILE_ONLY___ :
2022-01-10 10:02:18,975 INFO     ___FILE_ONLY___ 

2022-01-10 10:02:18,975 INFO     ___FILE_ONLY___ -
2022-01-10 10:02:18,975 INFO     ___FILE_ONLY___  
2022-01-10 10:02:18,975 INFO     ___FILE_ONLY___ ipAddress
2022-01-10 10:02:18,975 INFO     ___FILE_ONLY___ :
2022-01-10 10:02:18,975 INFO     ___FILE_ONLY___  
2022-01-10 10:02:18,975 INFO     ___FILE_ONLY___ 34.89.79.82
2022-01-10 10:02:18,975 INFO     ___FILE_ONLY___ 

2022-01-10 10:02:18,976 INFO     ___FILE_ONLY___   
2022-01-10 10:02:18,976 INFO     ___FILE_ONLY___ type
2022-01-10 10:02:18,976 INFO     ___FILE_ONLY___ :
2022-01-10 10:02:18,976 INFO     ___FILE_ONLY___  
2022-01-10 10:02:18,976 INFO     ___FILE_ONLY___ PRIMARY
2022-01-10 10:02:18,976 INFO     ___FILE_ONLY___ 

2022-01-10 10:02:18,976 INFO     ___FILE_ONLY___ -
2022-01-10 10:02:18,976 INFO     ___FILE_ONLY___  
2022-01-10 10:02:18,976 INFO     ___FILE_ONLY___ ipAddress
2022-01-10 10:02:18,976 INFO     ___FILE_ONLY___ :
2022-01-10 10:02:18,976 INFO     ___FILE_ONLY___  
2022-01-10 10:02:18,976 INFO     ___FILE_ONLY___ 35.242.130.149
2022-01-10 10:02:18,976 INFO     ___FILE_ONLY___ 

2022-01-10 10:02:18,977 INFO     ___FILE_ONLY___   
2022-01-10 10:02:18,977 INFO     ___FILE_ONLY___ type
2022-01-10 10:02:18,977 INFO     ___FILE_ONLY___ :
2022-01-10 10:02:18,977 INFO     ___FILE_ONLY___  
2022-01-10 10:02:18,977 INFO     ___FILE_ONLY___ OUTGOING
2022-01-10 10:02:18,977 INFO     ___FILE_ONLY___ 

2022-01-10 10:02:18,977 INFO     ___FILE_ONLY___ kind
2022-01-10 10:02:18,977 INFO     ___FILE_ONLY___ :
2022-01-10 10:02:18,977 INFO     ___FILE_ONLY___  
2022-01-10 10:02:18,977 INFO     ___FILE_ONLY___ sql#instance
2022-01-10 10:02:18,978 INFO     ___FILE_ONLY___ 

2022-01-10 10:02:18,978 INFO     ___FILE_ONLY___ name
2022-01-10 10:02:18,978 INFO     ___FILE_ONLY___ :
2022-01-10 10:02:18,978 INFO     ___FILE_ONLY___  
2022-01-10 10:02:18,978 INFO     ___FILE_ONLY___ app-database2
2022-01-10 10:02:18,978 INFO     ___FILE_ONLY___ 

2022-01-10 10:02:18,978 INFO     ___FILE_ONLY___ project
2022-01-10 10:02:18,978 INFO     ___FILE_ONLY___ :
2022-01-10 10:02:18,978 INFO     ___FILE_ONLY___  
2022-01-10 10:02:18,978 INFO     ___FILE_ONLY___ analog-bot-325915
2022-01-10 10:02:18,978 INFO     ___FILE_ONLY___ 

2022-01-10 10:02:18,979 INFO     ___FILE_ONLY___ region
2022-01-10 10:02:18,979 INFO     ___FILE_ONLY___ :
2022-01-10 10:02:18,979 INFO     ___FILE_ONLY___  
2022-01-10 10:02:18,979 INFO     ___FILE_ONLY___ europe-west2
2022-01-10 10:02:18,979 INFO     ___FILE_ONLY___ 

2022-01-10 10:02:18,979 INFO     ___FILE_ONLY___ selfLink
2022-01-10 10:02:18,979 INFO     ___FILE_ONLY___ :
2022-01-10 10:02:18,979 INFO     ___FILE_ONLY___  
2022-01-10 10:02:18,979 INFO     ___FILE_ONLY___ https://sqladmin.googleapis.com/sql/v1beta4/projects/analog-bot-325915/instances/app-database2
2022-01-10 10:02:18,979 INFO     ___FILE_ONLY___ 

2022-01-10 10:02:18,980 INFO     ___FILE_ONLY___ serverCaCert
2022-01-10 10:02:18,980 INFO     ___FILE_ONLY___ :
2022-01-10 10:02:18,980 INFO     ___FILE_ONLY___ 

2022-01-10 10:02:18,980 INFO     ___FILE_ONLY___   
2022-01-10 10:02:18,980 INFO     ___FILE_ONLY___ cert
2022-01-10 10:02:18,980 INFO     ___FILE_ONLY___ :
2022-01-10 10:02:18,982 INFO     ___FILE_ONLY___  |-
2022-01-10 10:02:18,982 INFO     ___FILE_ONLY___ 

2022-01-10 10:02:18,982 INFO     ___FILE_ONLY___     
2022-01-10 10:02:18,982 INFO     ___FILE_ONLY___ -----BEGIN CERTIFICATE-----
2022-01-10 10:02:18,982 INFO     ___FILE_ONLY___ 

2022-01-10 10:02:18,982 INFO     ___FILE_ONLY___     
2022-01-10 10:02:18,983 INFO     ___FILE_ONLY___ MIIDfzCCAmegAwIBAgIBADANBgkqhkiG9w0BAQsFADB3MS0wKwYDVQQuEyRiZDJi
2022-01-10 10:02:18,983 INFO     ___FILE_ONLY___ 

2022-01-10 10:02:18,983 INFO     ___FILE_ONLY___     
2022-01-10 10:02:18,983 INFO     ___FILE_ONLY___ ZGNkMS00NGMzLTQ0Y2QtYTdiYi03ZDJiZTYzZGY0MmMxIzAhBgNVBAMTGkdvb2ds
2022-01-10 10:02:18,983 INFO     ___FILE_ONLY___ 

2022-01-10 10:02:18,983 INFO     ___FILE_ONLY___     
2022-01-10 10:02:18,983 INFO     ___FILE_ONLY___ ZSBDbG91ZCBTUUwgU2VydmVyIENBMRQwEgYDVQQKEwtHb29nbGUsIEluYzELMAkG
2022-01-10 10:02:18,983 INFO     ___FILE_ONLY___ 

2022-01-10 10:02:18,983 INFO     ___FILE_ONLY___     
2022-01-10 10:02:18,983 INFO     ___FILE_ONLY___ A1UEBhMCVVMwHhcNMjIwMTEwMDg1MTE0WhcNMzIwMTA4MDg1MjE0WjB3MS0wKwYD
2022-01-10 10:02:18,983 INFO     ___FILE_ONLY___ 

2022-01-10 10:02:18,983 INFO     ___FILE_ONLY___     
2022-01-10 10:02:18,983 INFO     ___FILE_ONLY___ VQQuEyRiZDJiZGNkMS00NGMzLTQ0Y2QtYTdiYi03ZDJiZTYzZGY0MmMxIzAhBgNV
2022-01-10 10:02:18,984 INFO     ___FILE_ONLY___ 

2022-01-10 10:02:18,984 INFO     ___FILE_ONLY___     
2022-01-10 10:02:18,984 INFO     ___FILE_ONLY___ BAMTGkdvb2dsZSBDbG91ZCBTUUwgU2VydmVyIENBMRQwEgYDVQQKEwtHb29nbGUs
2022-01-10 10:02:18,984 INFO     ___FILE_ONLY___ 

2022-01-10 10:02:18,984 INFO     ___FILE_ONLY___     
2022-01-10 10:02:18,984 INFO     ___FILE_ONLY___ IEluYzELMAkGA1UEBhMCVVMwggEiMA0GCSqGSIb3DQEBAQUAA4IBDwAwggEKAoIB
2022-01-10 10:02:18,984 INFO     ___FILE_ONLY___ 

2022-01-10 10:02:18,984 INFO     ___FILE_ONLY___     
2022-01-10 10:02:18,984 INFO     ___FILE_ONLY___ AQCgymCUhvr+hERpBh06t2iYbHjee0L/rJxaUsAjqNpILp/kQ1dI76G/JRrXqp1p
2022-01-10 10:02:18,984 INFO     ___FILE_ONLY___ 

2022-01-10 10:02:18,984 INFO     ___FILE_ONLY___     
2022-01-10 10:02:18,984 INFO     ___FILE_ONLY___ 5wue/qkyWiEzc3LEie379NJIoagRKF00rQ1mHzFnElbBBIS/zjLZCHbrXdME/jLj
2022-01-10 10:02:18,984 INFO     ___FILE_ONLY___ 

2022-01-10 10:02:18,984 INFO     ___FILE_ONLY___     
2022-01-10 10:02:18,985 INFO     ___FILE_ONLY___ lXKnNvElVznX3mF6LDPJLMbkhLPeAyJxP5a2dl8q5ps6SWQchvUk/Wbbpd7RcMf4
2022-01-10 10:02:18,985 INFO     ___FILE_ONLY___ 

2022-01-10 10:02:18,985 INFO     ___FILE_ONLY___     
2022-01-10 10:02:18,985 INFO     ___FILE_ONLY___ mg6TbqSXk7S4bT0DLMrb51PSLKMiK30UoLBeWDFORkbUKZawGdX8/lUILuhNFP+k
2022-01-10 10:02:18,985 INFO     ___FILE_ONLY___ 

2022-01-10 10:02:18,985 INFO     ___FILE_ONLY___     
2022-01-10 10:02:18,985 INFO     ___FILE_ONLY___ uNt3Tt4c6Eq4IU0FZ8zoVuvZ7G766PuqrYKeoVdHKixDzVMPHrdwbBP4k3o8Vp+O
2022-01-10 10:02:18,985 INFO     ___FILE_ONLY___ 

2022-01-10 10:02:18,985 INFO     ___FILE_ONLY___     
2022-01-10 10:02:18,985 INFO     ___FILE_ONLY___ Okuu4pEGS/KZIfNombnjs/RdAgMBAAGjFjAUMBIGA1UdEwEB/wQIMAYBAf8CAQAw
2022-01-10 10:02:18,985 INFO     ___FILE_ONLY___ 

2022-01-10 10:02:18,985 INFO     ___FILE_ONLY___     
2022-01-10 10:02:18,985 INFO     ___FILE_ONLY___ DQYJKoZIhvcNAQELBQADggEBAHIl91ZBkY/5sbgQKx1jhOKZRJcehW7UI6utXDVw
2022-01-10 10:02:18,985 INFO     ___FILE_ONLY___ 

2022-01-10 10:02:18,986 INFO     ___FILE_ONLY___     
2022-01-10 10:02:18,986 INFO     ___FILE_ONLY___ DblVc60x1b0qZBPYKVxmIGqIFKH4+Ez9LRyVFmL/JTO6wjBRW2/3rC2fIuMfb5pW
2022-01-10 10:02:18,986 INFO     ___FILE_ONLY___ 

2022-01-10 10:02:18,986 INFO     ___FILE_ONLY___     
2022-01-10 10:02:18,986 INFO     ___FILE_ONLY___ Vnl4UK9THygh01FJ+ACm+J7mUvmFk9o03XuWXMezpuoqRdbcBHD/7cXSAYbotKFb
2022-01-10 10:02:18,986 INFO     ___FILE_ONLY___ 

2022-01-10 10:02:18,986 INFO     ___FILE_ONLY___     
2022-01-10 10:02:18,986 INFO     ___FILE_ONLY___ gtp92deMsrpkt76AidJYxK0wpntujCDHVz/5/edJ6LOPUUYj557rFeEQlTrpGVaX
2022-01-10 10:02:18,986 INFO     ___FILE_ONLY___ 

2022-01-10 10:02:18,986 INFO     ___FILE_ONLY___     
2022-01-10 10:02:18,986 INFO     ___FILE_ONLY___ jXi0w8dez/JFKACjIpQa/+f5j86qEwqORFhtLRr0RonD/mkjeaXRzbo1nZbp72lU
2022-01-10 10:02:18,986 INFO     ___FILE_ONLY___ 

2022-01-10 10:02:18,986 INFO     ___FILE_ONLY___     
2022-01-10 10:02:18,986 INFO     ___FILE_ONLY___ FcWqKTFoj/BmI3eajLQfB9/R0N2Z7yBJRYlgScnovK3WGa4=
2022-01-10 10:02:18,987 INFO     ___FILE_ONLY___ 

2022-01-10 10:02:18,987 INFO     ___FILE_ONLY___     
2022-01-10 10:02:18,987 INFO     ___FILE_ONLY___ -----END CERTIFICATE-----
2022-01-10 10:02:18,987 INFO     ___FILE_ONLY___ 

2022-01-10 10:02:18,987 INFO     ___FILE_ONLY___   
2022-01-10 10:02:18,987 INFO     ___FILE_ONLY___ certSerialNumber
2022-01-10 10:02:18,987 INFO     ___FILE_ONLY___ :
2022-01-10 10:02:18,987 INFO     ___FILE_ONLY___  '
2022-01-10 10:02:18,987 INFO     ___FILE_ONLY___ 0
2022-01-10 10:02:18,987 INFO     ___FILE_ONLY___ '
2022-01-10 10:02:18,987 INFO     ___FILE_ONLY___ 

2022-01-10 10:02:18,987 INFO     ___FILE_ONLY___   
2022-01-10 10:02:18,988 INFO     ___FILE_ONLY___ commonName
2022-01-10 10:02:18,988 INFO     ___FILE_ONLY___ :
2022-01-10 10:02:18,988 INFO     ___FILE_ONLY___  
2022-01-10 10:02:18,988 INFO     ___FILE_ONLY___ C=US,O=Google\,
2022-01-10 10:02:18,988 INFO     ___FILE_ONLY___  
2022-01-10 10:02:18,988 INFO     ___FILE_ONLY___ Inc,CN=Google
2022-01-10 10:02:18,988 INFO     ___FILE_ONLY___  
2022-01-10 10:02:18,988 INFO     ___FILE_ONLY___ Cloud
2022-01-10 10:02:18,988 INFO     ___FILE_ONLY___  
2022-01-10 10:02:18,988 INFO     ___FILE_ONLY___ SQL
2022-01-10 10:02:18,988 INFO     ___FILE_ONLY___  
2022-01-10 10:02:18,988 INFO     ___FILE_ONLY___ Server
2022-01-10 10:02:18,988 INFO     ___FILE_ONLY___  
2022-01-10 10:02:18,988 INFO     ___FILE_ONLY___ CA,dnQualifier=bd2bdcd1-44c3-44cd-a7bb-7d2be63df42c
2022-01-10 10:02:18,988 INFO     ___FILE_ONLY___ 

2022-01-10 10:02:18,989 INFO     ___FILE_ONLY___   
2022-01-10 10:02:18,989 INFO     ___FILE_ONLY___ createTime
2022-01-10 10:02:18,989 INFO     ___FILE_ONLY___ :
2022-01-10 10:02:18,989 INFO     ___FILE_ONLY___  '
2022-01-10 10:02:18,989 INFO     ___FILE_ONLY___ 2022-01-10T08:51:14.998Z
2022-01-10 10:02:18,989 INFO     ___FILE_ONLY___ '
2022-01-10 10:02:18,989 INFO     ___FILE_ONLY___ 

2022-01-10 10:02:18,989 INFO     ___FILE_ONLY___   
2022-01-10 10:02:18,989 INFO     ___FILE_ONLY___ expirationTime
2022-01-10 10:02:18,989 INFO     ___FILE_ONLY___ :
2022-01-10 10:02:18,989 INFO     ___FILE_ONLY___  '
2022-01-10 10:02:18,989 INFO     ___FILE_ONLY___ 2032-01-08T08:52:14.998Z
2022-01-10 10:02:18,989 INFO     ___FILE_ONLY___ '
2022-01-10 10:02:18,990 INFO     ___FILE_ONLY___ 

2022-01-10 10:02:18,990 INFO     ___FILE_ONLY___   
2022-01-10 10:02:18,990 INFO     ___FILE_ONLY___ instance
2022-01-10 10:02:18,990 INFO     ___FILE_ONLY___ :
2022-01-10 10:02:18,990 INFO     ___FILE_ONLY___  
2022-01-10 10:02:18,990 INFO     ___FILE_ONLY___ app-database2
2022-01-10 10:02:18,990 INFO     ___FILE_ONLY___ 

2022-01-10 10:02:18,990 INFO     ___FILE_ONLY___   
2022-01-10 10:02:18,990 INFO     ___FILE_ONLY___ kind
2022-01-10 10:02:18,990 INFO     ___FILE_ONLY___ :
2022-01-10 10:02:18,990 INFO     ___FILE_ONLY___  
2022-01-10 10:02:18,990 INFO     ___FILE_ONLY___ sql#sslCert
2022-01-10 10:02:18,990 INFO     ___FILE_ONLY___ 

2022-01-10 10:02:18,991 INFO     ___FILE_ONLY___   
2022-01-10 10:02:18,991 INFO     ___FILE_ONLY___ sha1Fingerprint
2022-01-10 10:02:18,991 INFO     ___FILE_ONLY___ :
2022-01-10 10:02:18,991 INFO     ___FILE_ONLY___  
2022-01-10 10:02:18,991 INFO     ___FILE_ONLY___ 6cf6e8afd418467643026f5d3e839156bd8d3012
2022-01-10 10:02:18,991 INFO     ___FILE_ONLY___ 

2022-01-10 10:02:18,991 INFO     ___FILE_ONLY___ serviceAccountEmailAddress
2022-01-10 10:02:18,991 INFO     ___FILE_ONLY___ :
2022-01-10 10:02:18,991 INFO     ___FILE_ONLY___  
2022-01-10 10:02:18,991 INFO     ___FILE_ONLY___ p712862630822-8hfoqk@gcp-sa-cloud-sql.iam.gserviceaccount.com
2022-01-10 10:02:18,992 INFO     ___FILE_ONLY___ 

2022-01-10 10:02:18,992 INFO     ___FILE_ONLY___ settings
2022-01-10 10:02:18,992 INFO     ___FILE_ONLY___ :
2022-01-10 10:02:18,992 INFO     ___FILE_ONLY___ 

2022-01-10 10:02:18,992 INFO     ___FILE_ONLY___   
2022-01-10 10:02:18,992 INFO     ___FILE_ONLY___ activationPolicy
2022-01-10 10:02:18,992 INFO     ___FILE_ONLY___ :
2022-01-10 10:02:18,992 INFO     ___FILE_ONLY___  
2022-01-10 10:02:18,992 INFO     ___FILE_ONLY___ ALWAYS
2022-01-10 10:02:18,992 INFO     ___FILE_ONLY___ 

2022-01-10 10:02:18,992 INFO     ___FILE_ONLY___   
2022-01-10 10:02:18,993 INFO     ___FILE_ONLY___ availabilityType
2022-01-10 10:02:18,993 INFO     ___FILE_ONLY___ :
2022-01-10 10:02:18,993 INFO     ___FILE_ONLY___  
2022-01-10 10:02:18,993 INFO     ___FILE_ONLY___ ZONAL
2022-01-10 10:02:18,993 INFO     ___FILE_ONLY___ 

2022-01-10 10:02:18,993 INFO     ___FILE_ONLY___   
2022-01-10 10:02:18,993 INFO     ___FILE_ONLY___ backupConfiguration
2022-01-10 10:02:18,993 INFO     ___FILE_ONLY___ :
2022-01-10 10:02:18,993 INFO     ___FILE_ONLY___ 

2022-01-10 10:02:18,993 INFO     ___FILE_ONLY___     
2022-01-10 10:02:18,993 INFO     ___FILE_ONLY___ backupRetentionSettings
2022-01-10 10:02:18,993 INFO     ___FILE_ONLY___ :
2022-01-10 10:02:18,994 INFO     ___FILE_ONLY___ 

2022-01-10 10:02:18,994 INFO     ___FILE_ONLY___       
2022-01-10 10:02:18,994 INFO     ___FILE_ONLY___ retainedBackups
2022-01-10 10:02:18,994 INFO     ___FILE_ONLY___ :
2022-01-10 10:02:18,994 INFO     ___FILE_ONLY___  
2022-01-10 10:02:18,994 INFO     ___FILE_ONLY___ 7
2022-01-10 10:02:18,994 INFO     ___FILE_ONLY___ 

2022-01-10 10:02:18,994 INFO     ___FILE_ONLY___       
2022-01-10 10:02:18,994 INFO     ___FILE_ONLY___ retentionUnit
2022-01-10 10:02:18,994 INFO     ___FILE_ONLY___ :
2022-01-10 10:02:18,994 INFO     ___FILE_ONLY___  
2022-01-10 10:02:18,994 INFO     ___FILE_ONLY___ COUNT
2022-01-10 10:02:18,994 INFO     ___FILE_ONLY___ 

2022-01-10 10:02:18,995 INFO     ___FILE_ONLY___     
2022-01-10 10:02:18,995 INFO     ___FILE_ONLY___ enabled
2022-01-10 10:02:18,995 INFO     ___FILE_ONLY___ :
2022-01-10 10:02:18,995 INFO     ___FILE_ONLY___  
2022-01-10 10:02:18,995 INFO     ___FILE_ONLY___ true
2022-01-10 10:02:18,995 INFO     ___FILE_ONLY___ 

2022-01-10 10:02:18,995 INFO     ___FILE_ONLY___     
2022-01-10 10:02:18,995 INFO     ___FILE_ONLY___ kind
2022-01-10 10:02:18,995 INFO     ___FILE_ONLY___ :
2022-01-10 10:02:18,995 INFO     ___FILE_ONLY___  
2022-01-10 10:02:18,995 INFO     ___FILE_ONLY___ sql#backupConfiguration
2022-01-10 10:02:18,995 INFO     ___FILE_ONLY___ 

2022-01-10 10:02:18,995 INFO     ___FILE_ONLY___     
2022-01-10 10:02:18,996 INFO     ___FILE_ONLY___ location
2022-01-10 10:02:18,996 INFO     ___FILE_ONLY___ :
2022-01-10 10:02:18,996 INFO     ___FILE_ONLY___  
2022-01-10 10:02:18,996 INFO     ___FILE_ONLY___ us
2022-01-10 10:02:18,996 INFO     ___FILE_ONLY___ 

2022-01-10 10:02:18,996 INFO     ___FILE_ONLY___     
2022-01-10 10:02:18,996 INFO     ___FILE_ONLY___ pointInTimeRecoveryEnabled
2022-01-10 10:02:18,996 INFO     ___FILE_ONLY___ :
2022-01-10 10:02:18,996 INFO     ___FILE_ONLY___  
2022-01-10 10:02:18,996 INFO     ___FILE_ONLY___ true
2022-01-10 10:02:18,996 INFO     ___FILE_ONLY___ 

2022-01-10 10:02:18,996 INFO     ___FILE_ONLY___     
2022-01-10 10:02:18,996 INFO     ___FILE_ONLY___ replicationLogArchivingEnabled
2022-01-10 10:02:18,997 INFO     ___FILE_ONLY___ :
2022-01-10 10:02:18,997 INFO     ___FILE_ONLY___  
2022-01-10 10:02:18,997 INFO     ___FILE_ONLY___ true
2022-01-10 10:02:18,997 INFO     ___FILE_ONLY___ 

2022-01-10 10:02:18,997 INFO     ___FILE_ONLY___     
2022-01-10 10:02:18,997 INFO     ___FILE_ONLY___ startTime
2022-01-10 10:02:18,997 INFO     ___FILE_ONLY___ :
2022-01-10 10:02:18,997 INFO     ___FILE_ONLY___  
2022-01-10 10:02:18,997 INFO     ___FILE_ONLY___ 18:00
2022-01-10 10:02:18,997 INFO     ___FILE_ONLY___ 

2022-01-10 10:02:18,998 INFO     ___FILE_ONLY___     
2022-01-10 10:02:18,998 INFO     ___FILE_ONLY___ transactionLogRetentionDays
2022-01-10 10:02:18,998 INFO     ___FILE_ONLY___ :
2022-01-10 10:02:18,998 INFO     ___FILE_ONLY___  
2022-01-10 10:02:18,998 INFO     ___FILE_ONLY___ 7
2022-01-10 10:02:18,998 INFO     ___FILE_ONLY___ 

2022-01-10 10:02:18,998 INFO     ___FILE_ONLY___   
2022-01-10 10:02:18,998 INFO     ___FILE_ONLY___ dataDiskSizeGb
2022-01-10 10:02:18,999 INFO     ___FILE_ONLY___ :
2022-01-10 10:02:18,999 INFO     ___FILE_ONLY___  '
2022-01-10 10:02:18,999 INFO     ___FILE_ONLY___ 100
2022-01-10 10:02:18,999 INFO     ___FILE_ONLY___ '
2022-01-10 10:02:18,999 INFO     ___FILE_ONLY___ 

2022-01-10 10:02:18,999 INFO     ___FILE_ONLY___   
2022-01-10 10:02:18,999 INFO     ___FILE_ONLY___ dataDiskType
2022-01-10 10:02:18,999 INFO     ___FILE_ONLY___ :
2022-01-10 10:02:18,999 INFO     ___FILE_ONLY___  
2022-01-10 10:02:18,999 INFO     ___FILE_ONLY___ PD_SSD
2022-01-10 10:02:18,999 INFO     ___FILE_ONLY___ 

2022-01-10 10:02:18,999 INFO     ___FILE_ONLY___   
2022-01-10 10:02:19,000 INFO     ___FILE_ONLY___ ipConfiguration
2022-01-10 10:02:19,000 INFO     ___FILE_ONLY___ :
2022-01-10 10:02:19,000 INFO     ___FILE_ONLY___ 

2022-01-10 10:02:19,000 INFO     ___FILE_ONLY___     
2022-01-10 10:02:19,000 INFO     ___FILE_ONLY___ ipv4Enabled
2022-01-10 10:02:19,000 INFO     ___FILE_ONLY___ :
2022-01-10 10:02:19,000 INFO     ___FILE_ONLY___  
2022-01-10 10:02:19,000 INFO     ___FILE_ONLY___ true
2022-01-10 10:02:19,000 INFO     ___FILE_ONLY___ 

2022-01-10 10:02:19,000 INFO     ___FILE_ONLY___   
2022-01-10 10:02:19,000 INFO     ___FILE_ONLY___ kind
2022-01-10 10:02:19,001 INFO     ___FILE_ONLY___ :
2022-01-10 10:02:19,001 INFO     ___FILE_ONLY___  
2022-01-10 10:02:19,001 INFO     ___FILE_ONLY___ sql#settings
2022-01-10 10:02:19,001 INFO     ___FILE_ONLY___ 

2022-01-10 10:02:19,001 INFO     ___FILE_ONLY___   
2022-01-10 10:02:19,001 INFO     ___FILE_ONLY___ locationPreference
2022-01-10 10:02:19,001 INFO     ___FILE_ONLY___ :
2022-01-10 10:02:19,001 INFO     ___FILE_ONLY___ 

2022-01-10 10:02:19,001 INFO     ___FILE_ONLY___     
2022-01-10 10:02:19,001 INFO     ___FILE_ONLY___ kind
2022-01-10 10:02:19,001 INFO     ___FILE_ONLY___ :
2022-01-10 10:02:19,001 INFO     ___FILE_ONLY___  
2022-01-10 10:02:19,001 INFO     ___FILE_ONLY___ sql#locationPreference
2022-01-10 10:02:19,002 INFO     ___FILE_ONLY___ 

2022-01-10 10:02:19,002 INFO     ___FILE_ONLY___     
2022-01-10 10:02:19,002 INFO     ___FILE_ONLY___ zone
2022-01-10 10:02:19,002 INFO     ___FILE_ONLY___ :
2022-01-10 10:02:19,002 INFO     ___FILE_ONLY___  
2022-01-10 10:02:19,002 INFO     ___FILE_ONLY___ europe-west2-c
2022-01-10 10:02:19,002 INFO     ___FILE_ONLY___ 

2022-01-10 10:02:19,002 INFO     ___FILE_ONLY___   
2022-01-10 10:02:19,002 INFO     ___FILE_ONLY___ maintenanceWindow
2022-01-10 10:02:19,002 INFO     ___FILE_ONLY___ :
2022-01-10 10:02:19,002 INFO     ___FILE_ONLY___ 

2022-01-10 10:02:19,003 INFO     ___FILE_ONLY___     
2022-01-10 10:02:19,003 INFO     ___FILE_ONLY___ day
2022-01-10 10:02:19,003 INFO     ___FILE_ONLY___ :
2022-01-10 10:02:19,003 INFO     ___FILE_ONLY___  
2022-01-10 10:02:19,003 INFO     ___FILE_ONLY___ 0
2022-01-10 10:02:19,003 INFO     ___FILE_ONLY___ 

2022-01-10 10:02:19,003 INFO     ___FILE_ONLY___     
2022-01-10 10:02:19,003 INFO     ___FILE_ONLY___ hour
2022-01-10 10:02:19,003 INFO     ___FILE_ONLY___ :
2022-01-10 10:02:19,003 INFO     ___FILE_ONLY___  
2022-01-10 10:02:19,003 INFO     ___FILE_ONLY___ 0
2022-01-10 10:02:19,003 INFO     ___FILE_ONLY___ 

2022-01-10 10:02:19,004 INFO     ___FILE_ONLY___     
2022-01-10 10:02:19,004 INFO     ___FILE_ONLY___ kind
2022-01-10 10:02:19,004 INFO     ___FILE_ONLY___ :
2022-01-10 10:02:19,004 INFO     ___FILE_ONLY___  
2022-01-10 10:02:19,004 INFO     ___FILE_ONLY___ sql#maintenanceWindow
2022-01-10 10:02:19,004 INFO     ___FILE_ONLY___ 

2022-01-10 10:02:19,004 INFO     ___FILE_ONLY___   
2022-01-10 10:02:19,004 INFO     ___FILE_ONLY___ pricingPlan
2022-01-10 10:02:19,004 INFO     ___FILE_ONLY___ :
2022-01-10 10:02:19,004 INFO     ___FILE_ONLY___  
2022-01-10 10:02:19,004 INFO     ___FILE_ONLY___ PER_USE
2022-01-10 10:02:19,004 INFO     ___FILE_ONLY___ 

2022-01-10 10:02:19,005 INFO     ___FILE_ONLY___   
2022-01-10 10:02:19,005 INFO     ___FILE_ONLY___ replicationType
2022-01-10 10:02:19,005 INFO     ___FILE_ONLY___ :
2022-01-10 10:02:19,005 INFO     ___FILE_ONLY___  
2022-01-10 10:02:19,005 INFO     ___FILE_ONLY___ SYNCHRONOUS
2022-01-10 10:02:19,005 INFO     ___FILE_ONLY___ 

2022-01-10 10:02:19,005 INFO     ___FILE_ONLY___   
2022-01-10 10:02:19,005 INFO     ___FILE_ONLY___ settingsVersion
2022-01-10 10:02:19,005 INFO     ___FILE_ONLY___ :
2022-01-10 10:02:19,005 INFO     ___FILE_ONLY___  '
2022-01-10 10:02:19,005 INFO     ___FILE_ONLY___ 8
2022-01-10 10:02:19,005 INFO     ___FILE_ONLY___ '
2022-01-10 10:02:19,005 INFO     ___FILE_ONLY___ 

2022-01-10 10:02:19,006 INFO     ___FILE_ONLY___   
2022-01-10 10:02:19,006 INFO     ___FILE_ONLY___ storageAutoResize
2022-01-10 10:02:19,006 INFO     ___FILE_ONLY___ :
2022-01-10 10:02:19,006 INFO     ___FILE_ONLY___  
2022-01-10 10:02:19,006 INFO     ___FILE_ONLY___ true
2022-01-10 10:02:19,006 INFO     ___FILE_ONLY___ 

2022-01-10 10:02:19,006 INFO     ___FILE_ONLY___   
2022-01-10 10:02:19,006 INFO     ___FILE_ONLY___ storageAutoResizeLimit
2022-01-10 10:02:19,006 INFO     ___FILE_ONLY___ :
2022-01-10 10:02:19,006 INFO     ___FILE_ONLY___  '
2022-01-10 10:02:19,006 INFO     ___FILE_ONLY___ 0
2022-01-10 10:02:19,006 INFO     ___FILE_ONLY___ '
2022-01-10 10:02:19,007 INFO     ___FILE_ONLY___ 

2022-01-10 10:02:19,007 INFO     ___FILE_ONLY___   
2022-01-10 10:02:19,007 INFO     ___FILE_ONLY___ tier
2022-01-10 10:02:19,007 INFO     ___FILE_ONLY___ :
2022-01-10 10:02:19,007 INFO     ___FILE_ONLY___  
2022-01-10 10:02:19,007 INFO     ___FILE_ONLY___ db-f1-micro
2022-01-10 10:02:19,007 INFO     ___FILE_ONLY___ 

2022-01-10 10:02:19,007 INFO     ___FILE_ONLY___ state
2022-01-10 10:02:19,007 INFO     ___FILE_ONLY___ :
2022-01-10 10:02:19,007 INFO     ___FILE_ONLY___  
2022-01-10 10:02:19,007 INFO     ___FILE_ONLY___ RUNNABLE
2022-01-10 10:02:19,007 INFO     ___FILE_ONLY___ 

2022-01-10 10:02:19,008 DEBUG    root            SDK update checks are disabled.
