2022-01-10 10:37:40,496 DEBUG    root            Loaded Command Group: ['gcloud', 'auth']
2022-01-10 10:37:40,498 DEBUG    root            Loaded Command Group: ['gcloud', 'auth', 'docker_helper']
2022-01-10 10:37:40,500 DEBUG    root            Running [gcloud.auth.docker-helper] with arguments: [METHOD: "get"]
2022-01-10 10:37:40,512 DEBUG    google.auth.transport.requests Making request: GET http://metadata.google.internal/computeMetadata/v1/instance/service-accounts/712862630822-compute@developer.gserviceaccount.com/?recursive=true
2022-01-10 10:37:40,514 DEBUG    urllib3.connectionpool Starting new HTTP connection (1): metadata.google.internal:80
2022-01-10 10:37:40,516 DEBUG    urllib3.connectionpool http://metadata.google.internal:80 "GET /computeMetadata/v1/instance/service-accounts/712862630822-compute@developer.gserviceaccount.com/?recursive=true HTTP/1.1" 200 207
2022-01-10 10:37:40,517 DEBUG    google.auth.transport.requests Making request: GET http://metadata.google.internal/computeMetadata/v1/instance/service-accounts/712862630822-compute@developer.gserviceaccount.com/token
2022-01-10 10:37:40,519 DEBUG    urllib3.connectionpool http://metadata.google.internal:80 "GET /computeMetadata/v1/instance/service-accounts/712862630822-compute@developer.gserviceaccount.com/token HTTP/1.1" 200 269
2022-01-10 10:37:40,522 DEBUG    google.auth.transport.requests Making request: GET http://metadata.google.internal/computeMetadata/v1/instance/service-accounts/712862630822-compute@developer.gserviceaccount.com/?recursive=true
2022-01-10 10:37:40,524 DEBUG    urllib3.connectionpool Starting new HTTP connection (1): metadata.google.internal:80
2022-01-10 10:37:40,525 DEBUG    urllib3.connectionpool http://metadata.google.internal:80 "GET /computeMetadata/v1/instance/service-accounts/712862630822-compute@developer.gserviceaccount.com/?recursive=true HTTP/1.1" 200 207
2022-01-10 10:37:40,526 DEBUG    google.auth.transport.requests Making request: GET http://metadata.google.internal/computeMetadata/v1/instance/service-accounts/712862630822-compute@developer.gserviceaccount.com/token?scopes=https%3A%2F%2Fwww.googleapis.com%2Fauth%2Fdevstorage.full_control%2Chttps%3A%2F%2Fwww.googleapis.com%2Fauth%2Flogging.write%2Chttps%3A%2F%2Fwww.googleapis.com%2Fauth%2Fmonitoring.write%2Chttps%3A%2F%2Fwww.googleapis.com%2Fauth%2Fservice.management.readonly%2Chttps%3A%2F%2Fwww.googleapis.com%2Fauth%2Fservicecontrol%2Chttps%3A%2F%2Fwww.googleapis.com%2Fauth%2Fsqlservice.admin%2Chttps%3A%2F%2Fwww.googleapis.com%2Fauth%2Ftrace.append
2022-01-10 10:37:40,529 DEBUG    urllib3.connectionpool http://metadata.google.internal:80 "GET /computeMetadata/v1/instance/service-accounts/712862630822-compute@developer.gserviceaccount.com/token?scopes=https%3A%2F%2Fwww.googleapis.com%2Fauth%2Fdevstorage.full_control%2Chttps%3A%2F%2Fwww.googleapis.com%2Fauth%2Flogging.write%2Chttps%3A%2F%2Fwww.googleapis.com%2Fauth%2Fmonitoring.write%2Chttps%3A%2F%2Fwww.googleapis.com%2Fauth%2Fservice.management.readonly%2Chttps%3A%2F%2Fwww.googleapis.com%2Fauth%2Fservicecontrol%2Chttps%3A%2F%2Fwww.googleapis.com%2Fauth%2Fsqlservice.admin%2Chttps%3A%2F%2Fwww.googleapis.com%2Fauth%2Ftrace.append HTTP/1.1" 200 269
2022-01-10 10:37:40,531 INFO     root            Display format: "json"
2022-01-10 10:37:40,532 INFO     ___FILE_ONLY___ {
  "Secret": "ya29.c.b0AXv0zTOl1kZq8VaN4nzdjz2zw8AGYIxtCXphsc6KLIsa5N3I7ykMnblB3DrB7tz0mPSrSu0uaxtIxOCx_XVkZUonDtnEoAERrF9KQcF4cyzR0LUfSFhBA8GtfgefqFHECnyRySZ7q2mst-QXRjE51RjGc2byLQQZQQzYhpAJhUInJlQqZ0mlflXgiPg-n5GQg7uXECXZFYuTT7gy95ayKPwn8g",
  "Username": "_dcgcloud_token"
}
2022-01-10 10:37:40,532 INFO     ___FILE_ONLY___ 

2022-01-10 10:37:40,532 DEBUG    root            SDK update checks are disabled.
