2022-01-10 10:56:01,684 DEBUG    root            Loaded Command Group: ['gcloud', 'sql']
2022-01-10 10:56:01,707 DEBUG    root            Loaded Command Group: ['gcloud', 'sql', 'connect']
2022-01-10 10:56:01,714 DEBUG    root            Running [gcloud.sql.connect] with arguments: [--user: "postgres", INSTANCE: "app-database2"]
2022-01-10 10:56:01,727 DEBUG    google.auth.transport.requests Making request: GET http://metadata.google.internal/computeMetadata/v1/instance/service-accounts/712862630822-compute@developer.gserviceaccount.com/?recursive=true
2022-01-10 10:56:01,729 DEBUG    urllib3.connectionpool Starting new HTTP connection (1): metadata.google.internal:80
2022-01-10 10:56:01,731 DEBUG    urllib3.connectionpool http://metadata.google.internal:80 "GET /computeMetadata/v1/instance/service-accounts/712862630822-compute@developer.gserviceaccount.com/?recursive=true HTTP/1.1" 200 207
2022-01-10 10:56:01,732 DEBUG    google.auth.transport.requests Making request: GET http://metadata.google.internal/computeMetadata/v1/instance/service-accounts/712862630822-compute@developer.gserviceaccount.com/token
2022-01-10 10:56:01,734 DEBUG    urllib3.connectionpool http://metadata.google.internal:80 "GET /computeMetadata/v1/instance/service-accounts/712862630822-compute@developer.gserviceaccount.com/token HTTP/1.1" 200 276
2022-01-10 10:56:01,756 DEBUG    google.auth.transport.requests Making request: GET http://metadata.google.internal/computeMetadata/v1/instance/service-accounts/712862630822-compute@developer.gserviceaccount.com/?recursive=true
2022-01-10 10:56:01,757 DEBUG    urllib3.connectionpool Starting new HTTP connection (1): metadata.google.internal:80
2022-01-10 10:56:01,759 DEBUG    urllib3.connectionpool http://metadata.google.internal:80 "GET /computeMetadata/v1/instance/service-accounts/712862630822-compute@developer.gserviceaccount.com/?recursive=true HTTP/1.1" 200 207
2022-01-10 10:56:01,759 DEBUG    google.auth.transport.requests Making request: GET http://metadata.google.internal/computeMetadata/v1/instance/service-accounts/712862630822-compute@developer.gserviceaccount.com/token
2022-01-10 10:56:01,761 DEBUG    urllib3.connectionpool http://metadata.google.internal:80 "GET /computeMetadata/v1/instance/service-accounts/712862630822-compute@developer.gserviceaccount.com/token HTTP/1.1" 200 276
2022-01-10 10:56:01,772 DEBUG    urllib3.connectionpool Starting new HTTPS connection (1): sqladmin.googleapis.com:443
2022-01-10 10:56:01,899 DEBUG    urllib3.connectionpool https://sqladmin.googleapis.com:443 "GET /sql/v1beta4/projects/analog-bot-325915/instances/app-database2?alt=json HTTP/1.1" 200 None
2022-01-10 10:56:02,859 DEBUG    urllib3.connectionpool https://sqladmin.googleapis.com:443 "PATCH /sql/v1beta4/projects/analog-bot-325915/instances/app-database2?alt=json HTTP/1.1" 200 None
2022-01-10 10:56:02,861 INFO     ___FILE_ONLY___ Allowlisting your IP for incoming connection for 5 minutes...
2022-01-10 10:56:03,906 DEBUG    urllib3.connectionpool https://sqladmin.googleapis.com:443 "GET /sql/v1beta4/projects/analog-bot-325915/operations/b9e363e5-263d-4a47-8342-6b77714b457a?alt=json HTTP/1.1" 200 None
2022-01-10 10:56:06,601 DEBUG    urllib3.connectionpool https://sqladmin.googleapis.com:443 "GET /sql/v1beta4/projects/analog-bot-325915/operations/b9e363e5-263d-4a47-8342-6b77714b457a?alt=json HTTP/1.1" 200 None
2022-01-10 10:56:11,123 DEBUG    urllib3.connectionpool https://sqladmin.googleapis.com:443 "GET /sql/v1beta4/projects/analog-bot-325915/operations/b9e363e5-263d-4a47-8342-6b77714b457a?alt=json HTTP/1.1" 200 None
2022-01-10 10:56:20,029 DEBUG    urllib3.connectionpool https://sqladmin.googleapis.com:443 "GET /sql/v1beta4/projects/analog-bot-325915/operations/b9e363e5-263d-4a47-8342-6b77714b457a?alt=json HTTP/1.1" 200 None
2022-01-10 10:56:36,094 DEBUG    urllib3.connectionpool https://sqladmin.googleapis.com:443 "GET /sql/v1beta4/projects/analog-bot-325915/operations/b9e363e5-263d-4a47-8342-6b77714b457a?alt=json HTTP/1.1" 200 None
2022-01-10 10:56:36,162 DEBUG    urllib3.connectionpool https://sqladmin.googleapis.com:443 "GET /sql/v1beta4/projects/analog-bot-325915/instances/app-database2?alt=json HTTP/1.1" 200 None
2022-01-10 10:56:36,165 INFO     ___FILE_ONLY___ Connecting to database with SQL user [postgres].
2022-01-10 10:56:36,165 DEBUG    root            Executing command: ['psql', '-h', '34.89.79.82', '-U', 'postgres', '-W']
