2022-01-10 16:38:29,963 DEBUG    root            Loaded Command Group: ['gcloud', 'auth']
2022-01-10 16:38:29,965 DEBUG    root            Loaded Command Group: ['gcloud', 'auth', 'docker_helper']
2022-01-10 16:38:29,967 DEBUG    root            Running [gcloud.auth.docker-helper] with arguments: [METHOD: "get"]
2022-01-10 16:38:29,978 DEBUG    google.auth.transport.requests Making request: GET http://metadata.google.internal/computeMetadata/v1/instance/service-accounts/712862630822-compute@developer.gserviceaccount.com/?recursive=true
2022-01-10 16:38:29,981 DEBUG    urllib3.connectionpool Starting new HTTP connection (1): metadata.google.internal:80
2022-01-10 16:38:29,982 DEBUG    urllib3.connectionpool http://metadata.google.internal:80 "GET /computeMetadata/v1/instance/service-accounts/712862630822-compute@developer.gserviceaccount.com/?recursive=true HTTP/1.1" 200 207
2022-01-10 16:38:29,983 DEBUG    google.auth.transport.requests Making request: GET http://metadata.google.internal/computeMetadata/v1/instance/service-accounts/712862630822-compute@developer.gserviceaccount.com/token
2022-01-10 16:38:29,985 DEBUG    urllib3.connectionpool http://metadata.google.internal:80 "GET /computeMetadata/v1/instance/service-accounts/712862630822-compute@developer.gserviceaccount.com/token HTTP/1.1" 200 268
2022-01-10 16:38:29,988 DEBUG    google.auth.transport.requests Making request: GET http://metadata.google.internal/computeMetadata/v1/instance/service-accounts/712862630822-compute@developer.gserviceaccount.com/?recursive=true
2022-01-10 16:38:29,989 DEBUG    urllib3.connectionpool Starting new HTTP connection (1): metadata.google.internal:80
2022-01-10 16:38:29,990 DEBUG    urllib3.connectionpool http://metadata.google.internal:80 "GET /computeMetadata/v1/instance/service-accounts/712862630822-compute@developer.gserviceaccount.com/?recursive=true HTTP/1.1" 200 207
2022-01-10 16:38:29,991 DEBUG    google.auth.transport.requests Making request: GET http://metadata.google.internal/computeMetadata/v1/instance/service-accounts/712862630822-compute@developer.gserviceaccount.com/token?scopes=https%3A%2F%2Fwww.googleapis.com%2Fauth%2Fdevstorage.full_control%2Chttps%3A%2F%2Fwww.googleapis.com%2Fauth%2Flogging.write%2Chttps%3A%2F%2Fwww.googleapis.com%2Fauth%2Fmonitoring.write%2Chttps%3A%2F%2Fwww.googleapis.com%2Fauth%2Fservice.management.readonly%2Chttps%3A%2F%2Fwww.googleapis.com%2Fauth%2Fservicecontrol%2Chttps%3A%2F%2Fwww.googleapis.com%2Fauth%2Fsqlservice.admin%2Chttps%3A%2F%2Fwww.googleapis.com%2Fauth%2Ftrace.append
2022-01-10 16:38:29,993 DEBUG    urllib3.connectionpool http://metadata.google.internal:80 "GET /computeMetadata/v1/instance/service-accounts/712862630822-compute@developer.gserviceaccount.com/token?scopes=https%3A%2F%2Fwww.googleapis.com%2Fauth%2Fdevstorage.full_control%2Chttps%3A%2F%2Fwww.googleapis.com%2Fauth%2Flogging.write%2Chttps%3A%2F%2Fwww.googleapis.com%2Fauth%2Fmonitoring.write%2Chttps%3A%2F%2Fwww.googleapis.com%2Fauth%2Fservice.management.readonly%2Chttps%3A%2F%2Fwww.googleapis.com%2Fauth%2Fservicecontrol%2Chttps%3A%2F%2Fwww.googleapis.com%2Fauth%2Fsqlservice.admin%2Chttps%3A%2F%2Fwww.googleapis.com%2Fauth%2Ftrace.append HTTP/1.1" 200 268
2022-01-10 16:38:29,996 INFO     root            Display format: "json"
2022-01-10 16:38:29,996 INFO     ___FILE_ONLY___ {
  "Secret": "ya29.c.b0AXv0zTMwSBoD3foTzewAXZ-4qDjP1jodDD2nt27P_m0XRT6DNPQGPqe3CN9qnyC3Z6dltJbczEhzOOVob2_WZ18GE0qAy_8y5V_KtQwGsMm0MNmy-kD_SgLsp4m99lP6R5h4hUsblBulm_jhl3RzsyeUQqOCFwdHplXhf20lpWZuxKL5qQZTHsAA8q7fNGSHRhJC4e2rGe5n11aNKNfSIJGRsQ",
  "Username": "_dcgcloud_token"
}
2022-01-10 16:38:29,996 INFO     ___FILE_ONLY___ 

2022-01-10 16:38:29,996 DEBUG    root            SDK update checks are disabled.
