2022-01-10 19:15:43,013 DEBUG    root            Loaded Command Group: ['gcloud', 'sql']
2022-01-10 19:15:43,041 DEBUG    root            Loaded Command Group: ['gcloud', 'sql', 'connect']
2022-01-10 19:15:43,046 DEBUG    root            Running [gcloud.sql.connect] with arguments: [--user: "postgres", INSTANCE: "examen"]
2022-01-10 19:15:43,057 DEBUG    google.auth.transport.requests Making request: GET http://metadata.google.internal/computeMetadata/v1/instance/service-accounts/712862630822-compute@developer.gserviceaccount.com/?recursive=true
2022-01-10 19:15:43,059 DEBUG    urllib3.connectionpool Starting new HTTP connection (1): metadata.google.internal:80
2022-01-10 19:15:43,060 DEBUG    urllib3.connectionpool http://metadata.google.internal:80 "GET /computeMetadata/v1/instance/service-accounts/712862630822-compute@developer.gserviceaccount.com/?recursive=true HTTP/1.1" 200 207
2022-01-10 19:15:43,061 DEBUG    google.auth.transport.requests Making request: GET http://metadata.google.internal/computeMetadata/v1/instance/service-accounts/712862630822-compute@developer.gserviceaccount.com/token
2022-01-10 19:15:43,063 DEBUG    urllib3.connectionpool http://metadata.google.internal:80 "GET /computeMetadata/v1/instance/service-accounts/712862630822-compute@developer.gserviceaccount.com/token HTTP/1.1" 200 270
2022-01-10 19:15:43,089 DEBUG    google.auth.transport.requests Making request: GET http://metadata.google.internal/computeMetadata/v1/instance/service-accounts/712862630822-compute@developer.gserviceaccount.com/?recursive=true
2022-01-10 19:15:43,090 DEBUG    urllib3.connectionpool Starting new HTTP connection (1): metadata.google.internal:80
2022-01-10 19:15:43,091 DEBUG    urllib3.connectionpool http://metadata.google.internal:80 "GET /computeMetadata/v1/instance/service-accounts/712862630822-compute@developer.gserviceaccount.com/?recursive=true HTTP/1.1" 200 207
2022-01-10 19:15:43,092 DEBUG    google.auth.transport.requests Making request: GET http://metadata.google.internal/computeMetadata/v1/instance/service-accounts/712862630822-compute@developer.gserviceaccount.com/token
2022-01-10 19:15:43,094 DEBUG    urllib3.connectionpool http://metadata.google.internal:80 "GET /computeMetadata/v1/instance/service-accounts/712862630822-compute@developer.gserviceaccount.com/token HTTP/1.1" 200 270
2022-01-10 19:15:43,103 DEBUG    urllib3.connectionpool Starting new HTTPS connection (1): sqladmin.googleapis.com:443
2022-01-10 19:15:43,203 DEBUG    urllib3.connectionpool https://sqladmin.googleapis.com:443 "GET /sql/v1beta4/projects/analog-bot-325915/instances/examen?alt=json HTTP/1.1" 200 None
2022-01-10 19:15:43,871 DEBUG    urllib3.connectionpool https://sqladmin.googleapis.com:443 "PATCH /sql/v1beta4/projects/analog-bot-325915/instances/examen?alt=json HTTP/1.1" 200 None
2022-01-10 19:15:43,873 INFO     ___FILE_ONLY___ Allowlisting your IP for incoming connection for 5 minutes...
2022-01-10 19:15:44,929 DEBUG    urllib3.connectionpool https://sqladmin.googleapis.com:443 "GET /sql/v1beta4/projects/analog-bot-325915/operations/3fdbcb64-e9f2-4f87-bf50-9e41d634b16c?alt=json HTTP/1.1" 200 None
2022-01-10 19:15:47,329 DEBUG    urllib3.connectionpool https://sqladmin.googleapis.com:443 "GET /sql/v1beta4/projects/analog-bot-325915/operations/3fdbcb64-e9f2-4f87-bf50-9e41d634b16c?alt=json HTTP/1.1" 200 None
2022-01-10 19:15:51,505 DEBUG    urllib3.connectionpool https://sqladmin.googleapis.com:443 "GET /sql/v1beta4/projects/analog-bot-325915/operations/3fdbcb64-e9f2-4f87-bf50-9e41d634b16c?alt=json HTTP/1.1" 200 None
2022-01-10 19:15:59,816 DEBUG    urllib3.connectionpool https://sqladmin.googleapis.com:443 "GET /sql/v1beta4/projects/analog-bot-325915/operations/3fdbcb64-e9f2-4f87-bf50-9e41d634b16c?alt=json HTTP/1.1" 200 None
2022-01-10 19:16:16,297 DEBUG    urllib3.connectionpool https://sqladmin.googleapis.com:443 "GET /sql/v1beta4/projects/analog-bot-325915/operations/3fdbcb64-e9f2-4f87-bf50-9e41d634b16c?alt=json HTTP/1.1" 200 None
2022-01-10 19:16:16,377 DEBUG    urllib3.connectionpool https://sqladmin.googleapis.com:443 "GET /sql/v1beta4/projects/analog-bot-325915/instances/examen?alt=json HTTP/1.1" 200 None
2022-01-10 19:16:16,381 INFO     ___FILE_ONLY___ Connecting to database with SQL user [postgres].
2022-01-10 19:16:16,381 DEBUG    root            Executing command: ['psql', '-h', '34.78.223.111', '-U', 'postgres', '-W']
