2022-01-09 11:50:06,053 DEBUG    root            Loaded Command Group: ['gcloud', 'auth']
2022-01-09 11:50:06,062 DEBUG    root            Loaded Command Group: ['gcloud', 'auth', 'docker_helper']
2022-01-09 11:50:06,064 DEBUG    root            Running [gcloud.auth.docker-helper] with arguments: [METHOD: "get"]
2022-01-09 11:50:06,083 DEBUG    google.auth.transport.requests Making request: GET http://metadata.google.internal/computeMetadata/v1/instance/service-accounts/712862630822-compute@developer.gserviceaccount.com/?recursive=true
2022-01-09 11:50:06,086 DEBUG    urllib3.connectionpool Starting new HTTP connection (1): metadata.google.internal:80
2022-01-09 11:50:06,089 DEBUG    urllib3.connectionpool http://metadata.google.internal:80 "GET /computeMetadata/v1/instance/service-accounts/712862630822-compute@developer.gserviceaccount.com/?recursive=true HTTP/1.1" 200 207
2022-01-09 11:50:06,090 DEBUG    google.auth.transport.requests Making request: GET http://metadata.google.internal/computeMetadata/v1/instance/service-accounts/712862630822-compute@developer.gserviceaccount.com/token
2022-01-09 11:50:06,092 DEBUG    urllib3.connectionpool http://metadata.google.internal:80 "GET /computeMetadata/v1/instance/service-accounts/712862630822-compute@developer.gserviceaccount.com/token HTTP/1.1" 200 270
2022-01-09 11:50:06,121 DEBUG    google.auth.transport.requests Making request: GET http://metadata.google.internal/computeMetadata/v1/instance/service-accounts/712862630822-compute@developer.gserviceaccount.com/?recursive=true
2022-01-09 11:50:06,122 DEBUG    urllib3.connectionpool Starting new HTTP connection (1): metadata.google.internal:80
2022-01-09 11:50:06,124 DEBUG    urllib3.connectionpool http://metadata.google.internal:80 "GET /computeMetadata/v1/instance/service-accounts/712862630822-compute@developer.gserviceaccount.com/?recursive=true HTTP/1.1" 200 207
2022-01-09 11:50:06,125 DEBUG    google.auth.transport.requests Making request: GET http://metadata.google.internal/computeMetadata/v1/instance/service-accounts/712862630822-compute@developer.gserviceaccount.com/token?scopes=https%3A%2F%2Fwww.googleapis.com%2Fauth%2Fdevstorage.full_control%2Chttps%3A%2F%2Fwww.googleapis.com%2Fauth%2Flogging.write%2Chttps%3A%2F%2Fwww.googleapis.com%2Fauth%2Fmonitoring.write%2Chttps%3A%2F%2Fwww.googleapis.com%2Fauth%2Fservice.management.readonly%2Chttps%3A%2F%2Fwww.googleapis.com%2Fauth%2Fservicecontrol%2Chttps%3A%2F%2Fwww.googleapis.com%2Fauth%2Fsqlservice.admin%2Chttps%3A%2F%2Fwww.googleapis.com%2Fauth%2Ftrace.append
2022-01-09 11:50:06,128 DEBUG    urllib3.connectionpool http://metadata.google.internal:80 "GET /computeMetadata/v1/instance/service-accounts/712862630822-compute@developer.gserviceaccount.com/token?scopes=https%3A%2F%2Fwww.googleapis.com%2Fauth%2Fdevstorage.full_control%2Chttps%3A%2F%2Fwww.googleapis.com%2Fauth%2Flogging.write%2Chttps%3A%2F%2Fwww.googleapis.com%2Fauth%2Fmonitoring.write%2Chttps%3A%2F%2Fwww.googleapis.com%2Fauth%2Fservice.management.readonly%2Chttps%3A%2F%2Fwww.googleapis.com%2Fauth%2Fservicecontrol%2Chttps%3A%2F%2Fwww.googleapis.com%2Fauth%2Fsqlservice.admin%2Chttps%3A%2F%2Fwww.googleapis.com%2Fauth%2Ftrace.append HTTP/1.1" 200 270
2022-01-09 11:50:06,132 INFO     root            Display format: "json"
2022-01-09 11:50:06,132 INFO     ___FILE_ONLY___ {
  "Secret": "ya29.c.b0AXv0zTNCJ8kOwiVudeMOilXkqjNcS8V3Y-qkzJ4_nqs6QDhOI_vpvNY5S5IgrVuS2ufwP345-51KFAZLRutjvKOlbI9XsxpKuBL4USVKzkequVLYRjxGXkVYKR8XpML0fvnPB_7LLksYLmbfRFvobxs2zGH7OUvN1FdZwB7-j8VbInfHZE4lZGuTFBqJdWKwirmGUvT55wxju9iWaBERG8T03g",
  "Username": "_dcgcloud_token"
}
2022-01-09 11:50:06,132 INFO     ___FILE_ONLY___ 

2022-01-09 11:50:06,133 DEBUG    root            SDK update checks are disabled.
