2022-01-09 17:44:23,767 DEBUG    root            Loaded Command Group: ['gcloud', 'auth']
2022-01-09 17:44:23,774 DEBUG    root            Loaded Command Group: ['gcloud', 'auth', 'docker_helper']
2022-01-09 17:44:23,776 DEBUG    root            Running [gcloud.auth.docker-helper] with arguments: [METHOD: "get"]
2022-01-09 17:44:23,795 DEBUG    google.auth.transport.requests Making request: GET http://metadata.google.internal/computeMetadata/v1/instance/service-accounts/712862630822-compute@developer.gserviceaccount.com/?recursive=true
2022-01-09 17:44:23,798 DEBUG    urllib3.connectionpool Starting new HTTP connection (1): metadata.google.internal:80
2022-01-09 17:44:23,800 DEBUG    urllib3.connectionpool http://metadata.google.internal:80 "GET /computeMetadata/v1/instance/service-accounts/712862630822-compute@developer.gserviceaccount.com/?recursive=true HTTP/1.1" 200 207
2022-01-09 17:44:23,801 DEBUG    google.auth.transport.requests Making request: GET http://metadata.google.internal/computeMetadata/v1/instance/service-accounts/712862630822-compute@developer.gserviceaccount.com/token
2022-01-09 17:44:23,803 DEBUG    urllib3.connectionpool http://metadata.google.internal:80 "GET /computeMetadata/v1/instance/service-accounts/712862630822-compute@developer.gserviceaccount.com/token HTTP/1.1" 200 271
2022-01-09 17:44:23,830 DEBUG    google.auth.transport.requests Making request: GET http://metadata.google.internal/computeMetadata/v1/instance/service-accounts/712862630822-compute@developer.gserviceaccount.com/?recursive=true
2022-01-09 17:44:23,832 DEBUG    urllib3.connectionpool Starting new HTTP connection (1): metadata.google.internal:80
2022-01-09 17:44:23,834 DEBUG    urllib3.connectionpool http://metadata.google.internal:80 "GET /computeMetadata/v1/instance/service-accounts/712862630822-compute@developer.gserviceaccount.com/?recursive=true HTTP/1.1" 200 207
2022-01-09 17:44:23,834 DEBUG    google.auth.transport.requests Making request: GET http://metadata.google.internal/computeMetadata/v1/instance/service-accounts/712862630822-compute@developer.gserviceaccount.com/token?scopes=https%3A%2F%2Fwww.googleapis.com%2Fauth%2Fdevstorage.full_control%2Chttps%3A%2F%2Fwww.googleapis.com%2Fauth%2Flogging.write%2Chttps%3A%2F%2Fwww.googleapis.com%2Fauth%2Fmonitoring.write%2Chttps%3A%2F%2Fwww.googleapis.com%2Fauth%2Fservice.management.readonly%2Chttps%3A%2F%2Fwww.googleapis.com%2Fauth%2Fservicecontrol%2Chttps%3A%2F%2Fwww.googleapis.com%2Fauth%2Fsqlservice.admin%2Chttps%3A%2F%2Fwww.googleapis.com%2Fauth%2Ftrace.append
2022-01-09 17:44:23,837 DEBUG    urllib3.connectionpool http://metadata.google.internal:80 "GET /computeMetadata/v1/instance/service-accounts/712862630822-compute@developer.gserviceaccount.com/token?scopes=https%3A%2F%2Fwww.googleapis.com%2Fauth%2Fdevstorage.full_control%2Chttps%3A%2F%2Fwww.googleapis.com%2Fauth%2Flogging.write%2Chttps%3A%2F%2Fwww.googleapis.com%2Fauth%2Fmonitoring.write%2Chttps%3A%2F%2Fwww.googleapis.com%2Fauth%2Fservice.management.readonly%2Chttps%3A%2F%2Fwww.googleapis.com%2Fauth%2Fservicecontrol%2Chttps%3A%2F%2Fwww.googleapis.com%2Fauth%2Fsqlservice.admin%2Chttps%3A%2F%2Fwww.googleapis.com%2Fauth%2Ftrace.append HTTP/1.1" 200 271
2022-01-09 17:44:23,840 INFO     root            Display format: "json"
2022-01-09 17:44:23,841 INFO     ___FILE_ONLY___ {
  "Secret": "ya29.c.b0AXv0zTMQba_ckq240KdnJEZPr243f2OLvRJghLl3SMp4A1mNAmSB47UvFV09fI4H9g8rDhqxKzWzTB8TL01JydN-ihjgPPrEkK_nxc4GFkzdDO8wGn7gQRlk8vhel7105a9Q6GpqY0oL4UzEjKrQunia79Rw6obR0pwgbjIu6p6Ll1ntqGSgbvAUFH4uw7W9hbCVTkLkvAxyAJFKG8rtSMpC2w",
  "Username": "_dcgcloud_token"
}
2022-01-09 17:44:23,841 INFO     ___FILE_ONLY___ 

2022-01-09 17:44:23,841 DEBUG    root            SDK update checks are disabled.
