2022-01-09 18:16:01,953 DEBUG    root            Loaded Command Group: ['gcloud', 'sql']
2022-01-09 18:16:01,961 DEBUG    root            Loaded Command Group: ['gcloud', 'sql', 'instances']
2022-01-09 18:16:02,008 DEBUG    root            Loaded Command Group: ['gcloud', 'sql', 'instances', 'list']
2022-01-09 18:16:02,018 DEBUG    root            Running [gcloud.sql.instances.list] with arguments: []
2022-01-09 18:16:02,032 DEBUG    google.auth.transport.requests Making request: GET http://metadata.google.internal/computeMetadata/v1/instance/service-accounts/712862630822-compute@developer.gserviceaccount.com/?recursive=true
2022-01-09 18:16:02,034 DEBUG    urllib3.connectionpool Starting new HTTP connection (1): metadata.google.internal:80
2022-01-09 18:16:02,036 DEBUG    urllib3.connectionpool http://metadata.google.internal:80 "GET /computeMetadata/v1/instance/service-accounts/712862630822-compute@developer.gserviceaccount.com/?recursive=true HTTP/1.1" 200 207
2022-01-09 18:16:02,037 DEBUG    google.auth.transport.requests Making request: GET http://metadata.google.internal/computeMetadata/v1/instance/service-accounts/712862630822-compute@developer.gserviceaccount.com/token
2022-01-09 18:16:02,039 DEBUG    urllib3.connectionpool http://metadata.google.internal:80 "GET /computeMetadata/v1/instance/service-accounts/712862630822-compute@developer.gserviceaccount.com/token HTTP/1.1" 200 266
2022-01-09 18:16:02,068 DEBUG    google.auth.transport.requests Making request: GET http://metadata.google.internal/computeMetadata/v1/instance/service-accounts/712862630822-compute@developer.gserviceaccount.com/?recursive=true
2022-01-09 18:16:02,069 DEBUG    urllib3.connectionpool Starting new HTTP connection (1): metadata.google.internal:80
2022-01-09 18:16:02,071 DEBUG    urllib3.connectionpool http://metadata.google.internal:80 "GET /computeMetadata/v1/instance/service-accounts/712862630822-compute@developer.gserviceaccount.com/?recursive=true HTTP/1.1" 200 207
2022-01-09 18:16:02,072 DEBUG    google.auth.transport.requests Making request: GET http://metadata.google.internal/computeMetadata/v1/instance/service-accounts/712862630822-compute@developer.gserviceaccount.com/token
2022-01-09 18:16:02,074 DEBUG    urllib3.connectionpool http://metadata.google.internal:80 "GET /computeMetadata/v1/instance/service-accounts/712862630822-compute@developer.gserviceaccount.com/token HTTP/1.1" 200 266
2022-01-09 18:16:02,088 INFO     root            Display format: ":(settings.userLabels:alias=labels:label=LABELS) table(name,databaseVersion,firstof(gceZone,region):label=LOCATION,settings.tier,ip_addresses.filter("type:PRIMARY").*extract(ip_address).flatten().yesno(no="-"):label=PRIMARY_ADDRESS,ip_addresses.filter("type:PRIVATE").*extract(ip_address).flatten().yesno(no="-"):label=PRIVATE_ADDRESS,state:label=STATUS)"
2022-01-09 18:16:02,091 DEBUG    urllib3.connectionpool Starting new HTTPS connection (1): sqladmin.googleapis.com:443
2022-01-09 18:16:02,556 DEBUG    urllib3.connectionpool https://sqladmin.googleapis.com:443 "GET /sql/v1beta4/projects/analog-bot-325915/instances?alt=json&maxResults=100 HTTP/1.1" 200 None
2022-01-09 18:16:02,564 INFO     ___FILE_ONLY___ NAME
2022-01-09 18:16:02,565 INFO     ___FILE_ONLY___           
2022-01-09 18:16:02,565 INFO     ___FILE_ONLY___ DATABASE_VERSION
2022-01-09 18:16:02,565 INFO     ___FILE_ONLY___   
2022-01-09 18:16:02,565 INFO     ___FILE_ONLY___ LOCATION
2022-01-09 18:16:02,565 INFO     ___FILE_ONLY___         
2022-01-09 18:16:02,565 INFO     ___FILE_ONLY___ TIER
2022-01-09 18:16:02,565 INFO     ___FILE_ONLY___          
2022-01-09 18:16:02,565 INFO     ___FILE_ONLY___ PRIMARY_ADDRESS
2022-01-09 18:16:02,565 INFO     ___FILE_ONLY___   
2022-01-09 18:16:02,565 INFO     ___FILE_ONLY___ PRIVATE_ADDRESS
2022-01-09 18:16:02,565 INFO     ___FILE_ONLY___   
2022-01-09 18:16:02,565 INFO     ___FILE_ONLY___ STATUS
2022-01-09 18:16:02,565 INFO     ___FILE_ONLY___ 

2022-01-09 18:16:02,565 INFO     ___FILE_ONLY___ app-database
2022-01-09 18:16:02,566 INFO     ___FILE_ONLY___   
2022-01-09 18:16:02,566 INFO     ___FILE_ONLY___ POSTGRES_13
2022-01-09 18:16:02,566 INFO     ___FILE_ONLY___        
2022-01-09 18:16:02,566 INFO     ___FILE_ONLY___ europe-west1-b
2022-01-09 18:16:02,566 INFO     ___FILE_ONLY___   
2022-01-09 18:16:02,566 INFO     ___FILE_ONLY___ db-f1-micro
2022-01-09 18:16:02,566 INFO     ___FILE_ONLY___   
2022-01-09 18:16:02,566 INFO     ___FILE_ONLY___ 34.78.105.128
2022-01-09 18:16:02,566 INFO     ___FILE_ONLY___     
2022-01-09 18:16:02,566 INFO     ___FILE_ONLY___ -
2022-01-09 18:16:02,566 INFO     ___FILE_ONLY___                 
2022-01-09 18:16:02,566 INFO     ___FILE_ONLY___ STOPPED
2022-01-09 18:16:02,566 INFO     ___FILE_ONLY___ 

2022-01-09 18:16:02,567 DEBUG    root            SDK update checks are disabled.
2022-01-09 18:16:02,569 INFO     ___FILE_ONLY___ 

To take a quick anonymous survey, run:
  $ gcloud survey


