2022-01-09 18:32:06,764 DEBUG    root            Loaded Command Group: ['gcloud', 'sql']
2022-01-09 18:32:06,765 DEBUG    root            Loaded Command Group: ['gcloud', 'sql', 'instances']
2022-01-09 18:32:06,781 DEBUG    root            Loaded Command Group: ['gcloud', 'sql', 'instances', 'list']
2022-01-09 18:32:06,787 DEBUG    root            Running [gcloud.sql.instances.list] with arguments: []
2022-01-09 18:32:06,799 DEBUG    google.auth.transport.requests Making request: GET http://metadata.google.internal/computeMetadata/v1/instance/service-accounts/712862630822-compute@developer.gserviceaccount.com/?recursive=true
2022-01-09 18:32:06,801 DEBUG    urllib3.connectionpool Starting new HTTP connection (1): metadata.google.internal:80
2022-01-09 18:32:06,803 DEBUG    urllib3.connectionpool http://metadata.google.internal:80 "GET /computeMetadata/v1/instance/service-accounts/712862630822-compute@developer.gserviceaccount.com/?recursive=true HTTP/1.1" 200 207
2022-01-09 18:32:06,804 DEBUG    google.auth.transport.requests Making request: GET http://metadata.google.internal/computeMetadata/v1/instance/service-accounts/712862630822-compute@developer.gserviceaccount.com/token
2022-01-09 18:32:06,806 DEBUG    urllib3.connectionpool http://metadata.google.internal:80 "GET /computeMetadata/v1/instance/service-accounts/712862630822-compute@developer.gserviceaccount.com/token HTTP/1.1" 200 266
2022-01-09 18:32:06,832 DEBUG    google.auth.transport.requests Making request: GET http://metadata.google.internal/computeMetadata/v1/instance/service-accounts/712862630822-compute@developer.gserviceaccount.com/?recursive=true
2022-01-09 18:32:06,834 DEBUG    urllib3.connectionpool Starting new HTTP connection (1): metadata.google.internal:80
2022-01-09 18:32:06,835 DEBUG    urllib3.connectionpool http://metadata.google.internal:80 "GET /computeMetadata/v1/instance/service-accounts/712862630822-compute@developer.gserviceaccount.com/?recursive=true HTTP/1.1" 200 207
2022-01-09 18:32:06,836 DEBUG    google.auth.transport.requests Making request: GET http://metadata.google.internal/computeMetadata/v1/instance/service-accounts/712862630822-compute@developer.gserviceaccount.com/token
2022-01-09 18:32:06,838 DEBUG    urllib3.connectionpool http://metadata.google.internal:80 "GET /computeMetadata/v1/instance/service-accounts/712862630822-compute@developer.gserviceaccount.com/token HTTP/1.1" 200 266
2022-01-09 18:32:06,847 INFO     root            Display format: ":(settings.userLabels:alias=labels:label=LABELS) table(name,databaseVersion,firstof(gceZone,region):label=LOCATION,settings.tier,ip_addresses.filter("type:PRIMARY").*extract(ip_address).flatten().yesno(no="-"):label=PRIMARY_ADDRESS,ip_addresses.filter("type:PRIVATE").*extract(ip_address).flatten().yesno(no="-"):label=PRIVATE_ADDRESS,state:label=STATUS)"
2022-01-09 18:32:06,849 DEBUG    urllib3.connectionpool Starting new HTTPS connection (1): sqladmin.googleapis.com:443
2022-01-09 18:32:07,311 DEBUG    urllib3.connectionpool https://sqladmin.googleapis.com:443 "GET /sql/v1beta4/projects/analog-bot-325915/instances?alt=json&maxResults=100 HTTP/1.1" 200 None
2022-01-09 18:32:07,317 INFO     ___FILE_ONLY___ NAME
2022-01-09 18:32:07,318 INFO     ___FILE_ONLY___            
2022-01-09 18:32:07,318 INFO     ___FILE_ONLY___ DATABASE_VERSION
2022-01-09 18:32:07,318 INFO     ___FILE_ONLY___   
2022-01-09 18:32:07,318 INFO     ___FILE_ONLY___ LOCATION
2022-01-09 18:32:07,318 INFO     ___FILE_ONLY___         
2022-01-09 18:32:07,318 INFO     ___FILE_ONLY___ TIER
2022-01-09 18:32:07,318 INFO     ___FILE_ONLY___          
2022-01-09 18:32:07,318 INFO     ___FILE_ONLY___ PRIMARY_ADDRESS
2022-01-09 18:32:07,318 INFO     ___FILE_ONLY___   
2022-01-09 18:32:07,318 INFO     ___FILE_ONLY___ PRIVATE_ADDRESS
2022-01-09 18:32:07,318 INFO     ___FILE_ONLY___   
2022-01-09 18:32:07,318 INFO     ___FILE_ONLY___ STATUS
2022-01-09 18:32:07,318 INFO     ___FILE_ONLY___ 

2022-01-09 18:32:07,319 INFO     ___FILE_ONLY___ app-database1
2022-01-09 18:32:07,319 INFO     ___FILE_ONLY___   
2022-01-09 18:32:07,319 INFO     ___FILE_ONLY___ POSTGRES_13
2022-01-09 18:32:07,319 INFO     ___FILE_ONLY___        
2022-01-09 18:32:07,319 INFO     ___FILE_ONLY___ europe-west1-b
2022-01-09 18:32:07,319 INFO     ___FILE_ONLY___   
2022-01-09 18:32:07,319 INFO     ___FILE_ONLY___ db-f1-micro
2022-01-09 18:32:07,319 INFO     ___FILE_ONLY___   
2022-01-09 18:32:07,319 INFO     ___FILE_ONLY___ 35.187.60.65
2022-01-09 18:32:07,319 INFO     ___FILE_ONLY___      
2022-01-09 18:32:07,319 INFO     ___FILE_ONLY___ -
2022-01-09 18:32:07,319 INFO     ___FILE_ONLY___                 
2022-01-09 18:32:07,319 INFO     ___FILE_ONLY___ PENDING_CREATE
2022-01-09 18:32:07,319 INFO     ___FILE_ONLY___ 

2022-01-09 18:32:07,320 DEBUG    root            SDK update checks are disabled.
