2022-01-09 18:39:19,732 DEBUG    root            Loaded Command Group: ['gcloud', 'sql']
2022-01-09 18:39:19,754 DEBUG    root            Loaded Command Group: ['gcloud', 'sql', 'connect']
2022-01-09 18:39:19,762 DEBUG    root            Running [gcloud.sql.connect] with arguments: [--user: "postgres", INSTANCE: "app-database1"]
2022-01-09 18:39:19,776 DEBUG    google.auth.transport.requests Making request: GET http://metadata.google.internal/computeMetadata/v1/instance/service-accounts/712862630822-compute@developer.gserviceaccount.com/?recursive=true
2022-01-09 18:39:19,778 DEBUG    urllib3.connectionpool Starting new HTTP connection (1): metadata.google.internal:80
2022-01-09 18:39:19,780 DEBUG    urllib3.connectionpool http://metadata.google.internal:80 "GET /computeMetadata/v1/instance/service-accounts/712862630822-compute@developer.gserviceaccount.com/?recursive=true HTTP/1.1" 200 207
2022-01-09 18:39:19,781 DEBUG    google.auth.transport.requests Making request: GET http://metadata.google.internal/computeMetadata/v1/instance/service-accounts/712862630822-compute@developer.gserviceaccount.com/token
2022-01-09 18:39:19,783 DEBUG    urllib3.connectionpool http://metadata.google.internal:80 "GET /computeMetadata/v1/instance/service-accounts/712862630822-compute@developer.gserviceaccount.com/token HTTP/1.1" 200 270
2022-01-09 18:39:19,803 DEBUG    google.auth.transport.requests Making request: GET http://metadata.google.internal/computeMetadata/v1/instance/service-accounts/712862630822-compute@developer.gserviceaccount.com/?recursive=true
2022-01-09 18:39:19,805 DEBUG    urllib3.connectionpool Starting new HTTP connection (1): metadata.google.internal:80
2022-01-09 18:39:19,806 DEBUG    urllib3.connectionpool http://metadata.google.internal:80 "GET /computeMetadata/v1/instance/service-accounts/712862630822-compute@developer.gserviceaccount.com/?recursive=true HTTP/1.1" 200 207
2022-01-09 18:39:19,807 DEBUG    google.auth.transport.requests Making request: GET http://metadata.google.internal/computeMetadata/v1/instance/service-accounts/712862630822-compute@developer.gserviceaccount.com/token
2022-01-09 18:39:19,809 DEBUG    urllib3.connectionpool http://metadata.google.internal:80 "GET /computeMetadata/v1/instance/service-accounts/712862630822-compute@developer.gserviceaccount.com/token HTTP/1.1" 200 270
2022-01-09 18:39:19,821 DEBUG    urllib3.connectionpool Starting new HTTPS connection (1): sqladmin.googleapis.com:443
2022-01-09 18:39:19,907 DEBUG    urllib3.connectionpool https://sqladmin.googleapis.com:443 "GET /sql/v1beta4/projects/analog-bot-325915/instances/app-database1?alt=json HTTP/1.1" 200 None
2022-01-09 18:39:20,629 DEBUG    urllib3.connectionpool https://sqladmin.googleapis.com:443 "PATCH /sql/v1beta4/projects/analog-bot-325915/instances/app-database1?alt=json HTTP/1.1" 200 None
2022-01-09 18:39:20,631 INFO     ___FILE_ONLY___ Allowlisting your IP for incoming connection for 5 minutes...
2022-01-09 18:39:21,698 DEBUG    urllib3.connectionpool https://sqladmin.googleapis.com:443 "GET /sql/v1beta4/projects/analog-bot-325915/operations/14f36dda-636f-4450-b83d-b522d3f09d7c?alt=json HTTP/1.1" 200 None
2022-01-09 18:39:23,837 DEBUG    urllib3.connectionpool https://sqladmin.googleapis.com:443 "GET /sql/v1beta4/projects/analog-bot-325915/operations/14f36dda-636f-4450-b83d-b522d3f09d7c?alt=json HTTP/1.1" 200 None
2022-01-09 18:39:28,346 DEBUG    urllib3.connectionpool https://sqladmin.googleapis.com:443 "GET /sql/v1beta4/projects/analog-bot-325915/operations/14f36dda-636f-4450-b83d-b522d3f09d7c?alt=json HTTP/1.1" 200 None
2022-01-09 18:39:36,484 DEBUG    urllib3.connectionpool https://sqladmin.googleapis.com:443 "GET /sql/v1beta4/projects/analog-bot-325915/operations/14f36dda-636f-4450-b83d-b522d3f09d7c?alt=json HTTP/1.1" 200 None
2022-01-09 18:39:53,131 DEBUG    urllib3.connectionpool https://sqladmin.googleapis.com:443 "GET /sql/v1beta4/projects/analog-bot-325915/operations/14f36dda-636f-4450-b83d-b522d3f09d7c?alt=json HTTP/1.1" 200 None
2022-01-09 18:39:53,236 DEBUG    urllib3.connectionpool https://sqladmin.googleapis.com:443 "GET /sql/v1beta4/projects/analog-bot-325915/instances/app-database1?alt=json HTTP/1.1" 200 None
2022-01-09 18:39:53,240 INFO     ___FILE_ONLY___ Connecting to database with SQL user [postgres].
2022-01-09 18:39:53,241 DEBUG    root            Executing command: ['psql', '-h', '35.187.60.65', '-U', 'postgres', '-W']
