2022-01-09 18:41:19,926 DEBUG    root            Loaded Command Group: ['gcloud', 'sql']
2022-01-09 18:41:19,946 DEBUG    root            Loaded Command Group: ['gcloud', 'sql', 'connect']
2022-01-09 18:41:19,951 DEBUG    root            Running [gcloud.sql.connect] with arguments: [--user: "postgres", INSTANCE: "app-database1"]
2022-01-09 18:41:19,963 DEBUG    google.auth.transport.requests Making request: GET http://metadata.google.internal/computeMetadata/v1/instance/service-accounts/712862630822-compute@developer.gserviceaccount.com/?recursive=true
2022-01-09 18:41:19,965 DEBUG    urllib3.connectionpool Starting new HTTP connection (1): metadata.google.internal:80
2022-01-09 18:41:19,966 DEBUG    urllib3.connectionpool http://metadata.google.internal:80 "GET /computeMetadata/v1/instance/service-accounts/712862630822-compute@developer.gserviceaccount.com/?recursive=true HTTP/1.1" 200 207
2022-01-09 18:41:19,967 DEBUG    google.auth.transport.requests Making request: GET http://metadata.google.internal/computeMetadata/v1/instance/service-accounts/712862630822-compute@developer.gserviceaccount.com/token
2022-01-09 18:41:19,969 DEBUG    urllib3.connectionpool http://metadata.google.internal:80 "GET /computeMetadata/v1/instance/service-accounts/712862630822-compute@developer.gserviceaccount.com/token HTTP/1.1" 200 270
2022-01-09 18:41:19,989 DEBUG    google.auth.transport.requests Making request: GET http://metadata.google.internal/computeMetadata/v1/instance/service-accounts/712862630822-compute@developer.gserviceaccount.com/?recursive=true
2022-01-09 18:41:19,991 DEBUG    urllib3.connectionpool Starting new HTTP connection (1): metadata.google.internal:80
2022-01-09 18:41:19,992 DEBUG    urllib3.connectionpool http://metadata.google.internal:80 "GET /computeMetadata/v1/instance/service-accounts/712862630822-compute@developer.gserviceaccount.com/?recursive=true HTTP/1.1" 200 207
2022-01-09 18:41:19,992 DEBUG    google.auth.transport.requests Making request: GET http://metadata.google.internal/computeMetadata/v1/instance/service-accounts/712862630822-compute@developer.gserviceaccount.com/token
2022-01-09 18:41:19,994 DEBUG    urllib3.connectionpool http://metadata.google.internal:80 "GET /computeMetadata/v1/instance/service-accounts/712862630822-compute@developer.gserviceaccount.com/token HTTP/1.1" 200 270
2022-01-09 18:41:20,004 DEBUG    urllib3.connectionpool Starting new HTTPS connection (1): sqladmin.googleapis.com:443
2022-01-09 18:41:20,099 DEBUG    urllib3.connectionpool https://sqladmin.googleapis.com:443 "GET /sql/v1beta4/projects/analog-bot-325915/instances/app-database1?alt=json HTTP/1.1" 200 None
2022-01-09 18:41:20,723 DEBUG    urllib3.connectionpool https://sqladmin.googleapis.com:443 "PATCH /sql/v1beta4/projects/analog-bot-325915/instances/app-database1?alt=json HTTP/1.1" 200 None
2022-01-09 18:41:20,725 INFO     ___FILE_ONLY___ Allowlisting your IP for incoming connection for 5 minutes...
2022-01-09 18:41:21,775 DEBUG    urllib3.connectionpool https://sqladmin.googleapis.com:443 "GET /sql/v1beta4/projects/analog-bot-325915/operations/81071826-b566-4245-923a-9d4a3defb811?alt=json HTTP/1.1" 200 None
2022-01-09 18:41:24,069 DEBUG    urllib3.connectionpool https://sqladmin.googleapis.com:443 "GET /sql/v1beta4/projects/analog-bot-325915/operations/81071826-b566-4245-923a-9d4a3defb811?alt=json HTTP/1.1" 200 None
2022-01-09 18:41:28,481 DEBUG    urllib3.connectionpool https://sqladmin.googleapis.com:443 "GET /sql/v1beta4/projects/analog-bot-325915/operations/81071826-b566-4245-923a-9d4a3defb811?alt=json HTTP/1.1" 200 None
2022-01-09 18:41:37,052 DEBUG    urllib3.connectionpool https://sqladmin.googleapis.com:443 "GET /sql/v1beta4/projects/analog-bot-325915/operations/81071826-b566-4245-923a-9d4a3defb811?alt=json HTTP/1.1" 200 None
2022-01-09 18:41:53,180 DEBUG    urllib3.connectionpool https://sqladmin.googleapis.com:443 "GET /sql/v1beta4/projects/analog-bot-325915/operations/81071826-b566-4245-923a-9d4a3defb811?alt=json HTTP/1.1" 200 None
2022-01-09 18:41:53,330 DEBUG    urllib3.connectionpool https://sqladmin.googleapis.com:443 "GET /sql/v1beta4/projects/analog-bot-325915/instances/app-database1?alt=json HTTP/1.1" 200 None
2022-01-09 18:41:53,334 INFO     ___FILE_ONLY___ Connecting to database with SQL user [postgres].
2022-01-09 18:41:53,334 DEBUG    root            Executing command: ['psql', '-h', '35.187.60.65', '-U', 'postgres', '-W']
