2022-01-09 21:15:18,747 DEBUG    root            Loaded Command Group: ['gcloud', 'sql']
2022-01-09 21:15:18,770 DEBUG    root            Loaded Command Group: ['gcloud', 'sql', 'connect']
2022-01-09 21:15:18,781 DEBUG    root            Running [gcloud.sql.connect] with arguments: [--user: "postgres", INSTANCE: "app-database1"]
2022-01-09 21:15:18,795 DEBUG    google.auth.transport.requests Making request: GET http://metadata.google.internal/computeMetadata/v1/instance/service-accounts/712862630822-compute@developer.gserviceaccount.com/?recursive=true
2022-01-09 21:15:18,798 DEBUG    urllib3.connectionpool Starting new HTTP connection (1): metadata.google.internal:80
2022-01-09 21:15:18,801 DEBUG    urllib3.connectionpool http://metadata.google.internal:80 "GET /computeMetadata/v1/instance/service-accounts/712862630822-compute@developer.gserviceaccount.com/?recursive=true HTTP/1.1" 200 207
2022-01-09 21:15:18,802 DEBUG    google.auth.transport.requests Making request: GET http://metadata.google.internal/computeMetadata/v1/instance/service-accounts/712862630822-compute@developer.gserviceaccount.com/token
2022-01-09 21:15:18,804 DEBUG    urllib3.connectionpool http://metadata.google.internal:80 "GET /computeMetadata/v1/instance/service-accounts/712862630822-compute@developer.gserviceaccount.com/token HTTP/1.1" 200 272
2022-01-09 21:15:18,835 DEBUG    google.auth.transport.requests Making request: GET http://metadata.google.internal/computeMetadata/v1/instance/service-accounts/712862630822-compute@developer.gserviceaccount.com/?recursive=true
2022-01-09 21:15:18,836 DEBUG    urllib3.connectionpool Starting new HTTP connection (1): metadata.google.internal:80
2022-01-09 21:15:18,838 DEBUG    urllib3.connectionpool http://metadata.google.internal:80 "GET /computeMetadata/v1/instance/service-accounts/712862630822-compute@developer.gserviceaccount.com/?recursive=true HTTP/1.1" 200 207
2022-01-09 21:15:18,839 DEBUG    google.auth.transport.requests Making request: GET http://metadata.google.internal/computeMetadata/v1/instance/service-accounts/712862630822-compute@developer.gserviceaccount.com/token
2022-01-09 21:15:18,841 DEBUG    urllib3.connectionpool http://metadata.google.internal:80 "GET /computeMetadata/v1/instance/service-accounts/712862630822-compute@developer.gserviceaccount.com/token HTTP/1.1" 200 272
2022-01-09 21:15:18,855 DEBUG    urllib3.connectionpool Starting new HTTPS connection (1): sqladmin.googleapis.com:443
2022-01-09 21:15:18,940 DEBUG    urllib3.connectionpool https://sqladmin.googleapis.com:443 "GET /sql/v1beta4/projects/analog-bot-325915/instances/app-database1?alt=json HTTP/1.1" 200 None
2022-01-09 21:15:19,648 DEBUG    urllib3.connectionpool https://sqladmin.googleapis.com:443 "PATCH /sql/v1beta4/projects/analog-bot-325915/instances/app-database1?alt=json HTTP/1.1" 200 None
2022-01-09 21:15:19,650 INFO     ___FILE_ONLY___ Allowlisting your IP for incoming connection for 5 minutes...
2022-01-09 21:15:20,695 DEBUG    urllib3.connectionpool https://sqladmin.googleapis.com:443 "GET /sql/v1beta4/projects/analog-bot-325915/operations/47c0b933-aebf-4800-b278-444ae9bf0b69?alt=json HTTP/1.1" 200 None
2022-01-09 21:15:23,051 DEBUG    urllib3.connectionpool https://sqladmin.googleapis.com:443 "GET /sql/v1beta4/projects/analog-bot-325915/operations/47c0b933-aebf-4800-b278-444ae9bf0b69?alt=json HTTP/1.1" 200 None
2022-01-09 21:15:27,486 DEBUG    urllib3.connectionpool https://sqladmin.googleapis.com:443 "GET /sql/v1beta4/projects/analog-bot-325915/operations/47c0b933-aebf-4800-b278-444ae9bf0b69?alt=json HTTP/1.1" 200 None
2022-01-09 21:15:35,554 DEBUG    urllib3.connectionpool https://sqladmin.googleapis.com:443 "GET /sql/v1beta4/projects/analog-bot-325915/operations/47c0b933-aebf-4800-b278-444ae9bf0b69?alt=json HTTP/1.1" 200 None
2022-01-09 21:15:51,909 DEBUG    urllib3.connectionpool https://sqladmin.googleapis.com:443 "GET /sql/v1beta4/projects/analog-bot-325915/operations/47c0b933-aebf-4800-b278-444ae9bf0b69?alt=json HTTP/1.1" 200 None
2022-01-09 21:15:52,006 DEBUG    urllib3.connectionpool https://sqladmin.googleapis.com:443 "GET /sql/v1beta4/projects/analog-bot-325915/instances/app-database1?alt=json HTTP/1.1" 200 None
2022-01-09 21:15:52,008 INFO     ___FILE_ONLY___ Connecting to database with SQL user [postgres].
2022-01-09 21:15:52,009 DEBUG    root            Executing command: ['psql', '-h', '35.187.60.65', '-U', 'postgres', '-W']
