2022-01-09 22:06:10,342 DEBUG    root            Loaded Command Group: ['gcloud', 'config']
2022-01-09 22:06:10,344 DEBUG    root            Loaded Command Group: ['gcloud', 'config', 'config_helper']
2022-01-09 22:06:10,347 DEBUG    root            Running [gcloud.config.config-helper] with arguments: [--format: "json", --min-expiry: "3600"]
2022-01-09 22:06:10,360 DEBUG    google.auth.transport.requests Making request: GET http://metadata.google.internal/computeMetadata/v1/instance/service-accounts/712862630822-compute@developer.gserviceaccount.com/?recursive=true
2022-01-09 22:06:10,363 DEBUG    urllib3.connectionpool Starting new HTTP connection (1): metadata.google.internal:80
2022-01-09 22:06:10,365 DEBUG    urllib3.connectionpool http://metadata.google.internal:80 "GET /computeMetadata/v1/instance/service-accounts/712862630822-compute@developer.gserviceaccount.com/?recursive=true HTTP/1.1" 200 207
2022-01-09 22:06:10,366 DEBUG    google.auth.transport.requests Making request: GET http://metadata.google.internal/computeMetadata/v1/instance/service-accounts/712862630822-compute@developer.gserviceaccount.com/token
2022-01-09 22:06:10,369 DEBUG    urllib3.connectionpool http://metadata.google.internal:80 "GET /computeMetadata/v1/instance/service-accounts/712862630822-compute@developer.gserviceaccount.com/token HTTP/1.1" 200 269
2022-01-09 22:06:10,396 DEBUG    google.auth.transport.requests Making request: GET http://metadata.google.internal/computeMetadata/v1/instance/service-accounts/712862630822-compute@developer.gserviceaccount.com/?recursive=true
2022-01-09 22:06:10,397 DEBUG    urllib3.connectionpool Starting new HTTP connection (1): metadata.google.internal:80
2022-01-09 22:06:10,400 DEBUG    urllib3.connectionpool http://metadata.google.internal:80 "GET /computeMetadata/v1/instance/service-accounts/712862630822-compute@developer.gserviceaccount.com/?recursive=true HTTP/1.1" 200 207
2022-01-09 22:06:10,400 DEBUG    google.auth.transport.requests Making request: GET http://metadata.google.internal/computeMetadata/v1/instance/service-accounts/712862630822-compute@developer.gserviceaccount.com/token?scopes=https%3A%2F%2Fwww.googleapis.com%2Fauth%2Fdevstorage.full_control%2Chttps%3A%2F%2Fwww.googleapis.com%2Fauth%2Flogging.write%2Chttps%3A%2F%2Fwww.googleapis.com%2Fauth%2Fmonitoring.write%2Chttps%3A%2F%2Fwww.googleapis.com%2Fauth%2Fservice.management.readonly%2Chttps%3A%2F%2Fwww.googleapis.com%2Fauth%2Fservicecontrol%2Chttps%3A%2F%2Fwww.googleapis.com%2Fauth%2Fsqlservice.admin%2Chttps%3A%2F%2Fwww.googleapis.com%2Fauth%2Ftrace.append
2022-01-09 22:06:10,404 DEBUG    urllib3.connectionpool http://metadata.google.internal:80 "GET /computeMetadata/v1/instance/service-accounts/712862630822-compute@developer.gserviceaccount.com/token?scopes=https%3A%2F%2Fwww.googleapis.com%2Fauth%2Fdevstorage.full_control%2Chttps%3A%2F%2Fwww.googleapis.com%2Fauth%2Flogging.write%2Chttps%3A%2F%2Fwww.googleapis.com%2Fauth%2Fmonitoring.write%2Chttps%3A%2F%2Fwww.googleapis.com%2Fauth%2Fservice.management.readonly%2Chttps%3A%2F%2Fwww.googleapis.com%2Fauth%2Fservicecontrol%2Chttps%3A%2F%2Fwww.googleapis.com%2Fauth%2Fsqlservice.admin%2Chttps%3A%2F%2Fwww.googleapis.com%2Fauth%2Ftrace.append HTTP/1.1" 200 269
2022-01-09 22:06:10,414 INFO     root            Display format: "default json"
2022-01-09 22:06:10,415 INFO     ___FILE_ONLY___ {
  "configuration": {
    "active_configuration": "default",
    "properties": {
      "core": {
        "account": "712862630822-compute@developer.gserviceaccount.com",
        "disable_usage_reporting": "True",
        "project": "analog-bot-325915"
      }
    }
  },
  "credential": {
    "access_token": "ya29.c.b0AXv0zTMdWvrIVmKor5X4W6BUjEUMU2msuJ3I-Loui0y4C7IvJVGQ0qjARBqbVEKVvrC27jju13hnYmjnRsT2E0FNd_tJfbHqZDytyA5mXiGWFALq_bM0-1VM4tKj-eDQLKtGmCL3B7v6K2SXlp8JNPy8XN2Iyt5O1F78-SKeC7n1vZ98z1ZEjxCHLsDDLR5fNzgVrELJDNvYy9lvcK5Ge-JoZQ",
    "id_token": "eyJhbGciOiJSUzI1NiIsImtpZCI6IjMzZmY1YWYxMmQ3NjY2YzU4Zjk5NTZlNjVlNDZjOWMwMmVmOGU3NDIiLCJ0eXAiOiJKV1QifQ.eyJhdWQiOiIzMjU1NTk0MDU1OS5hcHBzLmdvb2dsZXVzZXJjb250ZW50LmNvbSIsImF6cCI6IjExNTQzNDg1NjY4NDkxNTQyOTIxOSIsImV4cCI6MTY0MTc2OTU3MCwiaWF0IjoxNjQxNzY1OTcwLCJpc3MiOiJodHRwczovL2FjY291bnRzLmdvb2dsZS5jb20iLCJzdWIiOiIxMTU0MzQ4NTY2ODQ5MTU0MjkyMTkifQ.XJjMxzgVAxHkVjoaUtGI-m9pJEEOhGezdUOCpNsagR-EK-RoW5PltYMVq9ypDZqdGyIXuAkI_0K6nSz0jCAnmGS6p_CEJdzb4H4WtON6zKU0tmumaR6zkg6iP7r9nvq1VrGL7PZWD47XzN7B-srW3UVTsWcFFrz0d6GLmYr54WBRUAzjfC2pC96kavunYGY-yPsmYVLUKZ04Dcj9gaG59AKICTCvY-9l6tetFtBYmul9Sg22BK-y55GLk_CrsOK7A9meZtt2awgmcDyaL81cSQnrgYWkDWxZYJJs3bz8plDJWFEFLNoMqjBkJ0niO4927s4Yyyi7F2ISHOcMj7XiMg",
    "token_expiry": "2022-01-09T23:05:53Z"
  },
  "sentinels": {
    "config_sentinel": "/home/silviu/.config/gcloud/config_sentinel"
  }
}
2022-01-09 22:06:10,416 INFO     ___FILE_ONLY___ 

2022-01-09 22:06:10,416 DEBUG    root            SDK update checks are disabled.
